2026-03-17 04:25:43,018 - GmailWatcher - INFO - Loaded config from config.json
2026-03-17 04:25:43,020 - GmailWatcher - INFO - Vault path: C:\Users\Laptop collection\Documents\GitHub\My-AI-Employee -FTEs\Vault
2026-03-17 04:25:43,020 - GmailWatcher - INFO - Output to: C:\Users\Laptop collection\Documents\GitHub\My-AI-Employee -FTEs\Vault\Needs_Action
2026-03-17 04:25:43,020 - GmailWatcher - INFO - Authenticating with Gmail API...
2026-03-17 04:25:43,020 - GmailWatcher - INFO - Starting OAuth flow...
2026-03-17 04:25:43,406 - google_auth_oauthlib.flow - INFO - Please visit this URL to authorize this application: https://accounts.google.com/o/oauth2/auth?response_type=code&client_id=446081816787-qs2diqmo4giurneuio3ltk2qvafkp9bl.apps.googleusercontent.com&redirect_uri=http%3A%2F%2Flocalhost%3A50215%2F&scope=https%3A%2F%2Fwww.googleapis.com%2Fauth%2Fgmail.readonly&state=UZHbCJlHkj1MdS4Fwjf4hsuD4m0vNq&code_challenge=DLzQM7pv3mOuab8M6Zn06S2wdiJRMZcnnwOIIDci2oU&code_challenge_method=S256&access_type=offline
2026-03-17 04:27:16,837 - google_auth_oauthlib.flow - INFO - "GET /?state=UZHbCJlHkj1MdS4Fwjf4hsuD4m0vNq&iss=https://accounts.google.com&code=4/0AfrIepDdWdBcpnQG3rEvMSydYJx6KeVUmzGGYCoWZaUHxZ_uVoAINJKTXd-OMWnPlp_kSw&scope=https://www.googleapis.com/auth/gmail.readonly HTTP/1.1" 200 65
2026-03-17 04:27:18,157 - GmailWatcher - INFO - OAuth flow completed successfully
2026-03-17 04:27:18,159 - GmailWatcher - INFO - Credentials saved to token.json
2026-03-17 04:27:18,164 - googleapiclient.discovery_cache - INFO - file_cache is only supported with oauth2client<4.0.0
2026-03-17 04:27:19,635 - GmailWatcher - INFO - ============================================================
2026-03-17 04:27:19,636 - GmailWatcher - INFO - Gmail Watcher - Silver Tier
2026-03-17 04:27:19,636 - GmailWatcher - INFO - ============================================================
2026-03-17 04:27:19,636 - GmailWatcher - INFO - Monitoring Gmail inbox every 60 seconds
2026-03-17 04:27:19,636 - GmailWatcher - INFO - Output to: C:\Users\Laptop collection\Documents\GitHub\My-AI-Employee -FTEs\Vault\Needs_Action
2026-03-17 04:27:19,636 - GmailWatcher - INFO - Press Ctrl+C to stop
2026-03-17 04:27:19,636 - GmailWatcher - INFO - ============================================================
2026-03-17 04:27:19,636 - GmailWatcher - INFO - 
[Check #1] Fetching unread emails...
2026-03-17 04:27:24,633 - GmailWatcher - INFO - Single check complete, exiting...
2026-03-17 04:49:24,269 - GmailWatcher - INFO - Loaded config from config.json
2026-03-17 04:49:24,270 - GmailWatcher - INFO - Vault path: C:\Users\Laptop collection\Documents\GitHub\My-AI-Employee -FTEs\Vault
2026-03-17 04:49:24,271 - GmailWatcher - INFO - Output to: C:\Users\Laptop collection\Documents\GitHub\My-AI-Employee -FTEs\Vault\Needs_Action
2026-03-17 04:49:24,271 - GmailWatcher - INFO - Authenticating with Gmail API...
2026-03-17 04:49:24,353 - GmailWatcher - INFO - Loaded existing credentials from token.json
2026-03-17 04:49:24,362 - googleapiclient.discovery_cache - INFO - file_cache is only supported with oauth2client<4.0.0
2026-03-17 04:49:25,983 - GmailWatcher - INFO - ============================================================
2026-03-17 04:49:25,983 - GmailWatcher - INFO - Gmail Watcher - Silver Tier
2026-03-17 04:49:25,983 - GmailWatcher - INFO - ============================================================
2026-03-17 04:49:25,983 - GmailWatcher - INFO - Monitoring Gmail inbox every 60 seconds
2026-03-17 04:49:25,983 - GmailWatcher - INFO - Output to: C:\Users\Laptop collection\Documents\GitHub\My-AI-Employee -FTEs\Vault\Needs_Action
2026-03-17 04:49:25,983 - GmailWatcher - INFO - Press Ctrl+C to stop
2026-03-17 04:49:25,983 - GmailWatcher - INFO - ============================================================
2026-03-17 04:49:25,984 - GmailWatcher - INFO - 
[Check #1] Fetching unread emails...
2026-03-17 04:49:30,535 - GmailWatcher - INFO - Single check complete, exiting...
2026-03-17 06:19:59,382 - GmailWatcher - INFO - Loaded config from config.json
2026-03-17 06:19:59,383 - GmailWatcher - INFO - Vault path: C:\Users\Laptop collection\Documents\GitHub\My-AI-Employee -FTEs\Vault
2026-03-17 06:19:59,383 - GmailWatcher - INFO - Output to: C:\Users\Laptop collection\Documents\GitHub\My-AI-Employee -FTEs\Vault\Needs_Action
2026-03-17 06:19:59,383 - GmailWatcher - INFO - Authenticating with Gmail API...
2026-03-17 06:19:59,389 - GmailWatcher - INFO - Loaded existing credentials from token.json
2026-03-17 06:19:59,389 - GmailWatcher - INFO - Refreshing expired credentials...
2026-03-17 06:20:00,952 - GmailWatcher - INFO - Credentials refreshed successfully
2026-03-17 06:20:00,953 - GmailWatcher - INFO - Credentials saved to token.json
2026-03-17 06:20:00,962 - googleapiclient.discovery_cache - INFO - file_cache is only supported with oauth2client<4.0.0
2026-03-17 06:20:03,069 - GmailWatcher - INFO - ============================================================
2026-03-17 06:20:03,069 - GmailWatcher - INFO - Gmail Watcher - Silver Tier
2026-03-17 06:20:03,069 - GmailWatcher - INFO - ============================================================
2026-03-17 06:20:03,069 - GmailWatcher - INFO - Monitoring Gmail inbox every 60 seconds
2026-03-17 06:20:03,069 - GmailWatcher - INFO - Output to: C:\Users\Laptop collection\Documents\GitHub\My-AI-Employee -FTEs\Vault\Needs_Action
2026-03-17 06:20:03,069 - GmailWatcher - INFO - Press Ctrl+C to stop
2026-03-17 06:20:03,069 - GmailWatcher - INFO - ============================================================
2026-03-17 06:20:03,069 - GmailWatcher - INFO - 
[Check #1] Fetching unread emails...
2026-03-17 06:20:09,114 - GmailWatcher - INFO - Waiting 60 seconds until next check...
2026-03-17 06:21:09,115 - GmailWatcher - INFO - 
[Check #2] Fetching unread emails...
2026-03-17 06:21:11,744 - GmailWatcher - INFO - Waiting 60 seconds until next check...
2026-03-17 06:22:11,745 - GmailWatcher - INFO - 
[Check #3] Fetching unread emails...
2026-03-17 06:22:12,117 - GmailWatcher - INFO - Waiting 60 seconds until next check...
2026-03-17 06:23:12,118 - GmailWatcher - INFO - 
[Check #4] Fetching unread emails...
2026-03-17 06:23:12,548 - GmailWatcher - INFO - Waiting 60 seconds until next check...
2026-03-17 06:24:12,549 - GmailWatcher - INFO - 
[Check #5] Fetching unread emails...
2026-03-17 06:24:12,985 - GmailWatcher - INFO - Waiting 60 seconds until next check...
2026-03-17 06:25:12,986 - GmailWatcher - INFO - 
[Check #6] Fetching unread emails...
2026-03-17 06:25:13,605 - GmailWatcher - INFO - Waiting 60 seconds until next check...
2026-03-17 06:26:13,605 - GmailWatcher - INFO - 
[Check #7] Fetching unread emails...
2026-03-17 06:26:14,002 - GmailWatcher - INFO - Waiting 60 seconds until next check...
2026-03-17 06:27:14,003 - GmailWatcher - INFO - 
[Check #8] Fetching unread emails...
2026-03-17 06:27:14,549 - GmailWatcher - INFO - Waiting 60 seconds until next check...
2026-03-17 06:28:14,550 - GmailWatcher - INFO - 
[Check #9] Fetching unread emails...
2026-03-17 06:28:14,948 - GmailWatcher - INFO - Waiting 60 seconds until next check...
2026-03-17 06:29:14,948 - GmailWatcher - INFO - 
[Check #10] Fetching unread emails...
2026-03-17 06:29:15,313 - GmailWatcher - INFO - Waiting 60 seconds until next check...
2026-03-17 06:30:15,314 - GmailWatcher - INFO - 
[Check #11] Fetching unread emails...
2026-03-17 06:30:15,868 - GmailWatcher - INFO - Waiting 60 seconds until next check...
2026-03-17 06:31:15,869 - GmailWatcher - INFO - 
[Check #12] Fetching unread emails...
2026-03-17 06:31:16,261 - GmailWatcher - INFO - Waiting 60 seconds until next check...
2026-03-17 06:32:16,262 - GmailWatcher - INFO - 
[Check #13] Fetching unread emails...
2026-03-17 06:32:16,631 - GmailWatcher - INFO - Waiting 60 seconds until next check...
2026-03-17 06:33:16,632 - GmailWatcher - INFO - 
[Check #14] Fetching unread emails...
2026-03-17 06:33:16,976 - GmailWatcher - INFO - Waiting 60 seconds until next check...
2026-03-17 06:34:16,976 - GmailWatcher - INFO - 
[Check #15] Fetching unread emails...
2026-03-17 06:34:17,329 - GmailWatcher - INFO - Waiting 60 seconds until next check...
2026-03-17 06:35:17,329 - GmailWatcher - INFO - 
[Check #16] Fetching unread emails...
2026-03-17 06:35:17,857 - GmailWatcher - INFO - Waiting 60 seconds until next check...
2026-03-17 06:36:17,858 - GmailWatcher - INFO - 
[Check #17] Fetching unread emails...
2026-03-17 06:36:18,296 - GmailWatcher - INFO - Waiting 60 seconds until next check...
2026-03-17 06:37:18,296 - GmailWatcher - INFO - 
[Check #18] Fetching unread emails...
2026-03-17 06:37:18,689 - GmailWatcher - INFO - Waiting 60 seconds until next check...
2026-03-17 06:38:18,689 - GmailWatcher - INFO - 
[Check #19] Fetching unread emails...
2026-03-17 06:38:19,083 - GmailWatcher - INFO - Waiting 60 seconds until next check...
2026-03-17 06:39:19,084 - GmailWatcher - INFO - 
[Check #20] Fetching unread emails...
2026-03-17 06:39:19,508 - GmailWatcher - INFO - Waiting 60 seconds until next check...
2026-03-17 06:40:19,508 - GmailWatcher - INFO - 
[Check #21] Fetching unread emails...
2026-03-17 06:40:20,055 - GmailWatcher - INFO - Waiting 60 seconds until next check...
2026-03-17 06:41:20,056 - GmailWatcher - INFO - 
[Check #22] Fetching unread emails...
2026-03-17 06:41:21,277 - GmailWatcher - INFO - Waiting 60 seconds until next check...
2026-03-17 06:42:21,277 - GmailWatcher - INFO - 
[Check #23] Fetching unread emails...
2026-03-17 06:42:21,615 - GmailWatcher - INFO - Waiting 60 seconds until next check...
2026-03-17 06:43:21,616 - GmailWatcher - INFO - 
[Check #24] Fetching unread emails...
2026-03-17 06:43:22,359 - GmailWatcher - INFO - Waiting 60 seconds until next check...
2026-03-17 06:44:22,359 - GmailWatcher - INFO - 
[Check #25] Fetching unread emails...
2026-03-17 06:44:22,836 - GmailWatcher - INFO - Waiting 60 seconds until next check...
2026-03-17 06:45:22,836 - GmailWatcher - INFO - 
[Check #26] Fetching unread emails...
2026-03-17 06:45:23,302 - GmailWatcher - INFO - Waiting 60 seconds until next check...
2026-03-17 06:46:23,303 - GmailWatcher - INFO - 
[Check #27] Fetching unread emails...
2026-03-17 06:46:23,829 - GmailWatcher - INFO - Waiting 60 seconds until next check...
2026-03-17 06:47:23,830 - GmailWatcher - INFO - 
[Check #28] Fetching unread emails...
2026-03-17 06:47:24,309 - GmailWatcher - INFO - Waiting 60 seconds until next check...
2026-03-17 06:48:24,310 - GmailWatcher - INFO - 
[Check #29] Fetching unread emails...
2026-03-17 06:48:24,817 - GmailWatcher - INFO - Waiting 60 seconds until next check...
2026-03-17 06:49:24,817 - GmailWatcher - INFO - 
[Check #30] Fetching unread emails...
2026-03-17 06:49:25,364 - GmailWatcher - INFO - Waiting 60 seconds until next check...
2026-03-17 06:50:25,365 - GmailWatcher - INFO - 
[Check #31] Fetching unread emails...
2026-03-17 06:50:25,738 - GmailWatcher - INFO - Waiting 60 seconds until next check...
2026-03-17 06:51:25,738 - GmailWatcher - INFO - 
[Check #32] Fetching unread emails...
2026-03-17 06:51:26,326 - GmailWatcher - INFO - Waiting 60 seconds until next check...
2026-03-17 06:52:26,326 - GmailWatcher - INFO - 
[Check #33] Fetching unread emails...
2026-03-17 06:52:26,797 - GmailWatcher - INFO - Waiting 60 seconds until next check...
2026-03-17 06:53:26,798 - GmailWatcher - INFO - 
[Check #34] Fetching unread emails...
2026-03-17 06:53:27,165 - GmailWatcher - INFO - Waiting 60 seconds until next check...
2026-03-17 06:54:27,166 - GmailWatcher - INFO - 
[Check #35] Fetching unread emails...
2026-03-17 06:54:28,137 - GmailWatcher - INFO - Waiting 60 seconds until next check...
2026-03-17 06:55:28,137 - GmailWatcher - INFO - 
[Check #36] Fetching unread emails...
2026-03-17 06:55:28,951 - GmailWatcher - INFO - Waiting 60 seconds until next check...
2026-03-17 06:56:28,951 - GmailWatcher - INFO - 
[Check #37] Fetching unread emails...
2026-03-17 06:56:29,301 - GmailWatcher - INFO - Waiting 60 seconds until next check...
2026-03-17 06:57:29,302 - GmailWatcher - INFO - 
[Check #38] Fetching unread emails...
2026-03-17 06:57:29,804 - GmailWatcher - INFO - Waiting 60 seconds until next check...
2026-03-17 06:58:29,805 - GmailWatcher - INFO - 
[Check #39] Fetching unread emails...
2026-03-17 06:58:30,328 - GmailWatcher - INFO - Waiting 60 seconds until next check...
2026-03-17 06:59:30,329 - GmailWatcher - INFO - 
[Check #40] Fetching unread emails...
2026-03-17 06:59:30,858 - GmailWatcher - INFO - Waiting 60 seconds until next check...
2026-03-17 07:00:30,858 - GmailWatcher - INFO - 
[Check #41] Fetching unread emails...
2026-03-17 07:00:31,368 - GmailWatcher - INFO - Waiting 60 seconds until next check...
2026-03-17 07:01:31,368 - GmailWatcher - INFO - 
[Check #42] Fetching unread emails...
2026-03-17 07:01:31,710 - GmailWatcher - INFO - Waiting 60 seconds until next check...
2026-03-17 07:02:31,718 - GmailWatcher - INFO - 
[Check #43] Fetching unread emails...
2026-03-17 07:02:32,070 - GmailWatcher - INFO - Waiting 60 seconds until next check...
2026-03-17 07:03:32,071 - GmailWatcher - INFO - 
[Check #44] Fetching unread emails...
2026-03-17 07:03:32,446 - GmailWatcher - INFO - Waiting 60 seconds until next check...
2026-03-17 07:04:32,446 - GmailWatcher - INFO - 
[Check #45] Fetching unread emails...
2026-03-17 07:04:32,817 - GmailWatcher - INFO - Waiting 60 seconds until next check...
2026-03-17 07:05:32,819 - GmailWatcher - INFO - 
[Check #46] Fetching unread emails...
2026-03-17 07:05:34,421 - GmailWatcher - INFO - Waiting 60 seconds until next check...
2026-03-17 07:06:34,422 - GmailWatcher - INFO - 
[Check #47] Fetching unread emails...
2026-03-17 07:06:34,779 - GmailWatcher - INFO - Waiting 60 seconds until next check...
2026-03-17 07:07:34,779 - GmailWatcher - INFO - 
[Check #48] Fetching unread emails...
2026-03-17 07:07:35,260 - GmailWatcher - INFO - Waiting 60 seconds until next check...
2026-03-17 07:08:35,265 - GmailWatcher - INFO - 
[Check #49] Fetching unread emails...
2026-03-17 07:08:35,596 - GmailWatcher - INFO - Waiting 60 seconds until next check...
2026-03-17 07:09:35,597 - GmailWatcher - INFO - 
[Check #50] Fetching unread emails...
2026-03-17 07:09:35,950 - GmailWatcher - INFO - Waiting 60 seconds until next check...
2026-03-17 07:10:35,951 - GmailWatcher - INFO - 
[Check #51] Fetching unread emails...
2026-03-17 09:31:54,759 - GmailWatcher - INFO - Loaded config from config.json
2026-03-17 09:31:54,762 - GmailWatcher - INFO - Vault path: C:\Users\Laptop collection\Documents\GitHub\My-AI-Employee -FTEs\Vault
2026-03-17 09:31:54,762 - GmailWatcher - INFO - Output to: C:\Users\Laptop collection\Documents\GitHub\My-AI-Employee -FTEs\Vault\Needs_Action
2026-03-17 09:31:54,762 - GmailWatcher - INFO - Authenticating with Gmail API...
2026-03-17 09:31:54,769 - GmailWatcher - INFO - Loaded existing credentials from token.json
2026-03-17 09:31:54,770 - GmailWatcher - INFO - Refreshing expired credentials...
2026-03-17 09:31:57,699 - GmailWatcher - INFO - Credentials refreshed successfully
2026-03-17 09:31:57,701 - GmailWatcher - INFO - Credentials saved to token.json
2026-03-17 09:31:57,714 - googleapiclient.discovery_cache - INFO - file_cache is only supported with oauth2client<4.0.0
2026-03-17 09:31:59,911 - GmailWatcher - INFO - ============================================================
2026-03-17 09:31:59,912 - GmailWatcher - INFO - Gmail Watcher - Silver Tier
2026-03-17 09:31:59,912 - GmailWatcher - INFO - ============================================================
2026-03-17 09:31:59,912 - GmailWatcher - INFO - Monitoring Gmail inbox every 60 seconds
2026-03-17 09:31:59,912 - GmailWatcher - INFO - Output to: C:\Users\Laptop collection\Documents\GitHub\My-AI-Employee -FTEs\Vault\Needs_Action
2026-03-17 09:31:59,913 - GmailWatcher - INFO - Press Ctrl+C to stop
2026-03-17 09:31:59,913 - GmailWatcher - INFO - ============================================================
2026-03-17 09:31:59,913 - GmailWatcher - INFO - 
[Check #1] Fetching unread emails...
2026-03-17 09:32:04,783 - GmailWatcher - INFO - Single check complete, exiting...
2026-03-17 09:37:58,800 - GmailWatcher - INFO - Loaded config from config.json
2026-03-17 09:37:58,801 - GmailWatcher - INFO - Vault path: C:\Users\Laptop collection\Documents\GitHub\My-AI-Employee -FTEs\Vault
2026-03-17 09:37:58,802 - GmailWatcher - INFO - Output to: C:\Users\Laptop collection\Documents\GitHub\My-AI-Employee -FTEs\Vault\Needs_Action
2026-03-17 09:37:58,802 - GmailWatcher - INFO - Authenticating with Gmail API...
2026-03-17 09:37:58,808 - GmailWatcher - INFO - Loaded existing credentials from token.json
2026-03-17 09:37:58,816 - googleapiclient.discovery_cache - INFO - file_cache is only supported with oauth2client<4.0.0
2026-03-17 09:38:00,927 - GmailWatcher - INFO - ============================================================
2026-03-17 09:38:00,927 - GmailWatcher - INFO - Gmail Watcher - Silver Tier
2026-03-17 09:38:00,928 - GmailWatcher - INFO - ============================================================
2026-03-17 09:38:00,928 - GmailWatcher - INFO - Monitoring Gmail inbox every 60 seconds
2026-03-17 09:38:00,928 - GmailWatcher - INFO - Output to: C:\Users\Laptop collection\Documents\GitHub\My-AI-Employee -FTEs\Vault\Needs_Action
2026-03-17 09:38:00,929 - GmailWatcher - INFO - Press Ctrl+C to stop
2026-03-17 09:38:00,929 - GmailWatcher - INFO - ============================================================
2026-03-17 09:38:00,929 - GmailWatcher - INFO - 
[Check #1] Fetching unread emails...
2026-03-17 09:38:06,927 - GmailWatcher - INFO - Single check complete, exiting...
2026-03-17 09:39:27,946 - GmailWatcher - INFO - Loaded config from config.json
2026-03-17 09:39:27,948 - GmailWatcher - INFO - Vault path: C:\Users\Laptop collection\Documents\GitHub\My-AI-Employee -FTEs\Vault
2026-03-17 09:39:27,949 - GmailWatcher - INFO - Output to: C:\Users\Laptop collection\Documents\GitHub\My-AI-Employee -FTEs\Vault\Needs_Action
2026-03-17 09:39:27,949 - GmailWatcher - INFO - Authenticating with Gmail API...
2026-03-17 09:39:27,955 - GmailWatcher - INFO - Loaded existing credentials from token.json
2026-03-17 09:39:27,966 - googleapiclient.discovery_cache - INFO - file_cache is only supported with oauth2client<4.0.0
2026-03-17 09:39:30,365 - GmailWatcher - INFO - ============================================================
2026-03-17 09:39:30,365 - GmailWatcher - INFO - Gmail Watcher - Silver Tier
2026-03-17 09:39:30,365 - GmailWatcher - INFO - ============================================================
2026-03-17 09:39:30,365 - GmailWatcher - INFO - Monitoring Gmail inbox every 60 seconds
2026-03-17 09:39:30,366 - GmailWatcher - INFO - Output to: C:\Users\Laptop collection\Documents\GitHub\My-AI-Employee -FTEs\Vault\Needs_Action
2026-03-17 09:39:30,366 - GmailWatcher - INFO - Press Ctrl+C to stop
2026-03-17 09:39:30,366 - GmailWatcher - INFO - ============================================================
2026-03-17 09:39:30,366 - GmailWatcher - INFO - 
[Check #1] Fetching unread emails...
2026-03-17 09:39:35,753 - GmailWatcher - INFO - Single check complete, exiting...
2026-03-17 09:48:34,496 - GmailWatcher - INFO - Loaded config from config.json
2026-03-17 09:48:34,497 - GmailWatcher - INFO - Vault path: C:\Users\Laptop collection\Documents\GitHub\My-AI-Employee -FTEs\Vault
2026-03-17 09:48:34,498 - GmailWatcher - INFO - Output to: C:\Users\Laptop collection\Documents\GitHub\My-AI-Employee -FTEs\Vault\Needs_Action
2026-03-17 09:48:34,498 - GmailWatcher - INFO - Authenticating with Gmail API...
2026-03-17 09:48:34,504 - GmailWatcher - INFO - Loaded existing credentials from token.json
2026-03-17 09:48:34,514 - googleapiclient.discovery_cache - INFO - file_cache is only supported with oauth2client<4.0.0
2026-03-17 09:48:36,845 - GmailWatcher - INFO - ============================================================
2026-03-17 09:48:36,846 - GmailWatcher - INFO - Gmail Watcher - Silver Tier
2026-03-17 09:48:36,846 - GmailWatcher - INFO - ============================================================
2026-03-17 09:48:36,846 - GmailWatcher - INFO - Monitoring Gmail inbox every 60 seconds
2026-03-17 09:48:36,846 - GmailWatcher - INFO - Output to: C:\Users\Laptop collection\Documents\GitHub\My-AI-Employee -FTEs\Vault\Needs_Action
2026-03-17 09:48:36,847 - GmailWatcher - INFO - Press Ctrl+C to stop
2026-03-17 09:48:36,848 - GmailWatcher - INFO - ============================================================
2026-03-17 09:48:36,848 - GmailWatcher - INFO - 
[Check #1] Fetching unread emails...
2026-03-17 09:48:43,644 - GmailWatcher - INFO - Single check complete, exiting...
2026-03-17 09:58:17,290 - GmailWatcher - INFO - Loaded config from config.json
2026-03-17 09:58:17,293 - GmailWatcher - INFO - Vault path: C:\Users\Laptop collection\Documents\GitHub\My-AI-Employee -FTEs\Vault
2026-03-17 09:58:17,294 - GmailWatcher - INFO - Output to: C:\Users\Laptop collection\Documents\GitHub\My-AI-Employee -FTEs\Vault\Needs_Action
2026-03-17 09:58:17,294 - GmailWatcher - INFO - Authenticating with Gmail API...
2026-03-17 09:58:17,304 - GmailWatcher - INFO - Loaded existing credentials from token.json
2026-03-17 09:58:17,317 - googleapiclient.discovery_cache - INFO - file_cache is only supported with oauth2client<4.0.0
2026-03-17 09:58:19,396 - GmailWatcher - INFO - ============================================================
2026-03-17 09:58:19,397 - GmailWatcher - INFO - Gmail Watcher - Silver Tier
2026-03-17 09:58:19,397 - GmailWatcher - INFO - ============================================================
2026-03-17 09:58:19,397 - GmailWatcher - INFO - Monitoring Gmail inbox every 60 seconds
2026-03-17 09:58:19,397 - GmailWatcher - INFO - Output to: C:\Users\Laptop collection\Documents\GitHub\My-AI-Employee -FTEs\Vault\Needs_Action
2026-03-17 09:58:19,397 - GmailWatcher - INFO - Press Ctrl+C to stop
2026-03-17 09:58:19,397 - GmailWatcher - INFO - ============================================================
2026-03-17 09:58:19,397 - GmailWatcher - INFO - 
[Check #1] Fetching unread emails...
2026-03-17 09:58:23,944 - GmailWatcher - INFO - Single check complete, exiting...
2026-03-17 10:12:54,359 - GmailWatcher - INFO - Loaded config from config.json
2026-03-17 10:12:54,361 - GmailWatcher - INFO - Vault path: C:\Users\Laptop collection\Documents\GitHub\My-AI-Employee -FTEs\Vault
2026-03-17 10:12:54,362 - GmailWatcher - INFO - Output to: C:\Users\Laptop collection\Documents\GitHub\My-AI-Employee -FTEs\Vault\Needs_Action
2026-03-17 10:12:54,362 - GmailWatcher - INFO - Authenticating with Gmail API...
2026-03-17 10:12:54,413 - GmailWatcher - INFO - Loaded existing credentials from token.json
2026-03-17 10:12:54,425 - googleapiclient.discovery_cache - INFO - file_cache is only supported with oauth2client<4.0.0
2026-03-17 10:12:57,206 - GmailWatcher - INFO - ============================================================
2026-03-17 10:12:57,206 - GmailWatcher - INFO - Gmail Watcher - Silver Tier
2026-03-17 10:12:57,206 - GmailWatcher - INFO - ============================================================
2026-03-17 10:12:57,207 - GmailWatcher - INFO - Monitoring Gmail inbox every 60 seconds
2026-03-17 10:12:57,207 - GmailWatcher - INFO - Output to: C:\Users\Laptop collection\Documents\GitHub\My-AI-Employee -FTEs\Vault\Needs_Action
2026-03-17 10:12:57,207 - GmailWatcher - INFO - Press Ctrl+C to stop
2026-03-17 10:12:57,207 - GmailWatcher - INFO - ============================================================
2026-03-17 10:12:57,207 - GmailWatcher - INFO - 
[Check #1] Fetching unread emails...
2026-03-17 10:13:01,898 - GmailWatcher - INFO - Single check complete, exiting...
2026-03-19 18:29:41,081 - GmailWatcher - INFO - Loaded config from config.json
2026-03-19 18:29:41,087 - GmailWatcher - INFO - Vault path: /app/Vault
2026-03-19 18:29:41,088 - GmailWatcher - INFO - Output to: /app/Vault/Needs_Action
2026-03-19 18:29:41,089 - GmailWatcher - INFO - Authenticating with Gmail API...
2026-03-19 18:29:41,148 - GmailWatcher - INFO - Loaded existing credentials from token.json
2026-03-19 18:29:41,149 - GmailWatcher - INFO - Refreshing expired credentials...
2026-03-19 18:29:42,451 - GmailWatcher - INFO - Credentials refreshed successfully
2026-03-19 18:29:42,537 - GmailWatcher - INFO - Credentials saved to token.json
2026-03-19 18:29:42,584 - googleapiclient.discovery_cache - INFO - file_cache is only supported with oauth2client<4.0.0
2026-03-19 18:29:42,604 - GmailWatcher - INFO - ✓ Gmail API authenticated successfully
2026-03-19 18:29:43,901 - GmailWatcher - INFO - ✓ Connected to Gmail account: tayyabfast123@gmail.com
2026-03-19 18:29:43,903 - GmailWatcher - INFO - ============================================================
2026-03-19 18:29:43,907 - GmailWatcher - INFO - Gmail Watcher - Silver Tier
2026-03-19 18:29:43,912 - GmailWatcher - INFO - ============================================================
2026-03-19 18:29:43,914 - GmailWatcher - INFO - Monitoring Gmail inbox every 60 seconds
2026-03-19 18:29:43,916 - GmailWatcher - INFO - Output to: /app/Vault/Needs_Action
2026-03-19 18:29:43,917 - GmailWatcher - INFO - Press Ctrl+C to stop
2026-03-19 18:29:43,918 - GmailWatcher - INFO - ============================================================
2026-03-19 18:29:43,919 - GmailWatcher - INFO - 
[Check #1] Fetching unread emails...
2026-03-19 18:29:44,708 - GmailWatcher - INFO - ✓ Found 10 unread email(s)
2026-03-19 18:29:45,771 - GmailWatcher - INFO - → Processing: Sales Representatives at 11 Keys Marketing and 12 ...
2026-03-19 18:29:45,838 - GmailWatcher - INFO - ✓ Created action file: EMAIL_Sales Representatives at 11 Keys Marketing and 12 _2026-03-19_18-29-45.md
2026-03-19 18:29:46,580 - GmailWatcher - INFO - → Processing: 1 new virtual assistant job in Lahore...
2026-03-19 18:29:46,598 - GmailWatcher - INFO - ✓ Created action file: EMAIL_1 new virtual assistant job in Lahore_2026-03-19_18-29-46.md
2026-03-19 18:29:47,121 - GmailWatcher - INFO - → Processing: 1 new virtual assistant job in Lahore...
2026-03-19 18:29:47,135 - GmailWatcher - INFO - ✓ Created action file: EMAIL_1 new virtual assistant job in Lahore_2026-03-19_18-29-47.md
2026-03-19 18:29:50,899 - GmailWatcher - INFO - → Processing: Customer Support Representative at BP COMMUNICATIO...
2026-03-19 18:29:50,913 - GmailWatcher - INFO - ✓ Created action file: EMAIL_Customer Support Representative at BP COMMUNICATIO_2026-03-19_18-29-50.md
2026-03-19 18:29:51,375 - GmailWatcher - INFO - → Processing: Your New Cherry Obsession Just Dropped!...
2026-03-19 18:29:51,388 - GmailWatcher - INFO - ✓ Created action file: EMAIL_Your New Cherry Obsession Just Dropped_2026-03-19_18-29-51.md
2026-03-19 18:29:51,848 - GmailWatcher - INFO - → Processing: Tayyab  Jobs in Lahore Pakistan 🚀...
2026-03-19 18:29:51,862 - GmailWatcher - INFO - ✓ Created action file: EMAIL_Tayyab  Jobs in Lahore Pakistan_2026-03-19_18-29-51.md
2026-03-19 18:29:55,695 - GmailWatcher - INFO - → Processing: Customer Support Representative at BP COMMUNICATIO...
2026-03-19 18:29:55,721 - GmailWatcher - INFO - ✓ Created action file: EMAIL_Customer Support Representative at BP COMMUNICATIO_2026-03-19_18-29-55.md
2026-03-19 18:29:56,163 - GmailWatcher - INFO - → Processing: greeting...
2026-03-19 18:29:56,198 - GmailWatcher - INFO - ✓ Created action file: EMAIL_greeting_2026-03-19_18-29-56.md
2026-03-19 18:29:56,563 - GmailWatcher - INFO - → Processing: work...
2026-03-19 18:29:56,603 - GmailWatcher - INFO - ✓ Created action file: EMAIL_work_2026-03-19_18-29-56.md
2026-03-19 18:29:57,108 - GmailWatcher - INFO - → Processing: Tayyab  Jobs in Lahore Pakistan 🚀...
2026-03-19 18:29:57,126 - GmailWatcher - INFO - ✓ Created action file: EMAIL_Tayyab  Jobs in Lahore Pakistan_2026-03-19_18-29-57.md
2026-03-19 18:29:57,128 - GmailWatcher - INFO - Waiting 60 seconds until next check...
2026-03-19 18:30:57,121 - GmailWatcher - INFO - 
[Check #2] Fetching unread emails...
2026-03-19 18:30:57,720 - GmailWatcher - INFO - ✓ Found 10 unread email(s)
2026-03-19 18:30:57,723 - GmailWatcher - INFO - Waiting 60 seconds until next check...
2026-03-19 18:31:57,715 - GmailWatcher - INFO - 
[Check #3] Fetching unread emails...
2026-03-19 18:31:58,081 - GmailWatcher - INFO - ✓ Found 10 unread email(s)
2026-03-19 18:31:58,082 - GmailWatcher - INFO - Waiting 60 seconds until next check...
2026-03-19 18:32:58,075 - GmailWatcher - INFO - 
[Check #4] Fetching unread emails...
2026-03-19 18:32:58,489 - GmailWatcher - INFO - ✓ Found 10 unread email(s)
2026-03-19 18:32:58,490 - GmailWatcher - INFO - Waiting 60 seconds until next check...
2026-03-19 18:33:58,482 - GmailWatcher - INFO - 
[Check #5] Fetching unread emails...
2026-03-19 18:33:58,979 - GmailWatcher - INFO - ✓ Found 10 unread email(s)
2026-03-19 18:33:58,980 - GmailWatcher - INFO - Waiting 60 seconds until next check...
2026-03-19 18:34:58,974 - GmailWatcher - INFO - 
[Check #6] Fetching unread emails...
2026-03-19 18:34:59,389 - GmailWatcher - INFO - ✓ Found 10 unread email(s)
2026-03-19 18:34:59,391 - GmailWatcher - INFO - Waiting 60 seconds until next check...
2026-03-19 18:35:59,383 - GmailWatcher - INFO - 
[Check #7] Fetching unread emails...
2026-03-19 18:35:59,820 - GmailWatcher - INFO - ✓ Found 10 unread email(s)
2026-03-19 18:35:59,825 - GmailWatcher - INFO - Waiting 60 seconds until next check...
2026-03-19 18:36:59,819 - GmailWatcher - INFO - 
[Check #8] Fetching unread emails...
2026-03-19 18:37:00,204 - GmailWatcher - INFO - ✓ Found 10 unread email(s)
2026-03-19 18:37:00,205 - GmailWatcher - INFO - Waiting 60 seconds until next check...
2026-03-19 18:38:00,198 - GmailWatcher - INFO - 
[Check #9] Fetching unread emails...
2026-03-19 18:38:00,648 - GmailWatcher - INFO - ✓ Found 10 unread email(s)
2026-03-19 18:38:00,685 - GmailWatcher - INFO - Waiting 60 seconds until next check...
2026-03-19 18:39:00,688 - GmailWatcher - INFO - 
[Check #10] Fetching unread emails...
2026-03-19 18:39:01,100 - GmailWatcher - INFO - ✓ Found 10 unread email(s)
2026-03-19 18:39:01,102 - GmailWatcher - INFO - Waiting 60 seconds until next check...
2026-03-19 18:40:01,096 - GmailWatcher - INFO - 
[Check #11] Fetching unread emails...
2026-03-19 18:40:01,510 - GmailWatcher - INFO - ✓ Found 10 unread email(s)
2026-03-19 18:40:01,511 - GmailWatcher - INFO - Waiting 60 seconds until next check...
2026-03-19 18:41:01,505 - GmailWatcher - INFO - 
[Check #12] Fetching unread emails...
2026-03-19 18:41:01,853 - GmailWatcher - INFO - ✓ Found 10 unread email(s)
2026-03-19 18:41:01,854 - GmailWatcher - INFO - Waiting 60 seconds until next check...
2026-03-19 18:42:01,848 - GmailWatcher - INFO - 
[Check #13] Fetching unread emails...
2026-03-19 18:42:02,252 - GmailWatcher - INFO - ✓ Found 10 unread email(s)
2026-03-19 18:42:02,253 - GmailWatcher - INFO - Waiting 60 seconds until next check...
2026-03-19 18:43:02,247 - GmailWatcher - INFO - 
[Check #14] Fetching unread emails...
2026-03-19 18:43:02,971 - GmailWatcher - INFO - ✓ Found 10 unread email(s)
2026-03-19 18:43:02,973 - GmailWatcher - INFO - Waiting 60 seconds until next check...
2026-03-19 18:44:02,967 - GmailWatcher - INFO - 
[Check #15] Fetching unread emails...
2026-03-19 18:44:03,403 - GmailWatcher - INFO - ✓ Found 10 unread email(s)
2026-03-19 18:44:03,404 - GmailWatcher - INFO - Waiting 60 seconds until next check...
2026-03-19 18:45:03,398 - GmailWatcher - INFO - 
[Check #16] Fetching unread emails...
2026-03-19 18:45:03,752 - GmailWatcher - INFO - ✓ Found 10 unread email(s)
2026-03-19 18:45:03,754 - GmailWatcher - INFO - Waiting 60 seconds until next check...
2026-03-19 18:46:03,748 - GmailWatcher - INFO - 
[Check #17] Fetching unread emails...
2026-03-19 18:46:04,166 - GmailWatcher - INFO - ✓ Found 10 unread email(s)
2026-03-19 18:46:04,168 - GmailWatcher - INFO - Waiting 60 seconds until next check...
2026-03-19 18:47:04,161 - GmailWatcher - INFO - 
[Check #18] Fetching unread emails...
2026-03-19 18:47:04,618 - GmailWatcher - INFO - ✓ Found 10 unread email(s)
2026-03-19 18:47:04,619 - GmailWatcher - INFO - Waiting 60 seconds until next check...
2026-03-19 18:48:04,613 - GmailWatcher - INFO - 
[Check #19] Fetching unread emails...
2026-03-19 18:48:05,018 - GmailWatcher - INFO - ✓ Found 10 unread email(s)
2026-03-19 18:48:05,021 - GmailWatcher - INFO - Waiting 60 seconds until next check...
2026-03-19 18:49:05,016 - GmailWatcher - INFO - 
[Check #20] Fetching unread emails...
2026-03-19 18:49:05,394 - GmailWatcher - INFO - ✓ Found 10 unread email(s)
2026-03-19 18:49:05,398 - GmailWatcher - INFO - Waiting 60 seconds until next check...
2026-03-19 18:50:05,393 - GmailWatcher - INFO - 
[Check #21] Fetching unread emails...
2026-03-19 18:50:06,186 - GmailWatcher - INFO - ✓ Found 10 unread email(s)
2026-03-19 18:50:06,188 - GmailWatcher - INFO - Waiting 60 seconds until next check...
2026-03-19 18:51:06,183 - GmailWatcher - INFO - 
[Check #22] Fetching unread emails...
2026-03-19 18:51:06,551 - GmailWatcher - INFO - ✓ Found 10 unread email(s)
2026-03-19 18:51:06,552 - GmailWatcher - INFO - Waiting 60 seconds until next check...
2026-03-19 18:52:06,546 - GmailWatcher - INFO - 
[Check #23] Fetching unread emails...
2026-03-19 18:52:06,958 - GmailWatcher - INFO - ✓ Found 10 unread email(s)
2026-03-19 18:52:06,959 - GmailWatcher - INFO - Waiting 60 seconds until next check...
2026-03-19 18:53:06,965 - GmailWatcher - INFO - 
[Check #24] Fetching unread emails...
2026-03-19 18:53:07,590 - GmailWatcher - INFO - ✓ Found 10 unread email(s)
2026-03-19 18:53:07,591 - GmailWatcher - INFO - Waiting 60 seconds until next check...
2026-03-19 18:54:07,585 - GmailWatcher - INFO - 
[Check #25] Fetching unread emails...
2026-03-19 18:54:08,128 - GmailWatcher - INFO - ✓ Found 10 unread email(s)
2026-03-19 18:54:08,129 - GmailWatcher - INFO - Waiting 60 seconds until next check...
2026-03-19 18:55:08,123 - GmailWatcher - INFO - 
[Check #26] Fetching unread emails...
2026-03-19 18:55:08,796 - GmailWatcher - INFO - ✓ Found 10 unread email(s)
2026-03-19 18:55:08,797 - GmailWatcher - INFO - Waiting 60 seconds until next check...
2026-03-19 18:56:08,791 - GmailWatcher - INFO - 
[Check #27] Fetching unread emails...
2026-03-19 18:56:09,545 - GmailWatcher - INFO - ✓ Found 10 unread email(s)
2026-03-19 18:56:09,546 - GmailWatcher - INFO - Waiting 60 seconds until next check...
2026-03-19 18:57:09,540 - GmailWatcher - INFO - 
[Check #28] Fetching unread emails...
2026-03-19 18:57:09,943 - GmailWatcher - INFO - ✓ Found 10 unread email(s)
2026-03-19 18:57:09,944 - GmailWatcher - INFO - Waiting 60 seconds until next check...
2026-03-19 18:58:09,937 - GmailWatcher - INFO - 
[Check #29] Fetching unread emails...
2026-03-19 18:58:10,345 - GmailWatcher - INFO - ✓ Found 10 unread email(s)
2026-03-19 18:58:10,353 - GmailWatcher - INFO - Waiting 60 seconds until next check...
2026-03-19 18:59:10,348 - GmailWatcher - INFO - 
[Check #30] Fetching unread emails...
2026-03-19 18:59:10,688 - GmailWatcher - INFO - ✓ Found 10 unread email(s)
2026-03-19 18:59:10,689 - GmailWatcher - INFO - Waiting 60 seconds until next check...
2026-03-19 19:00:10,684 - GmailWatcher - INFO - 
[Check #31] Fetching unread emails...
2026-03-19 19:00:11,212 - GmailWatcher - INFO - ✓ Found 10 unread email(s)
2026-03-19 19:00:11,220 - GmailWatcher - INFO - Waiting 60 seconds until next check...
2026-03-19 19:01:11,219 - GmailWatcher - INFO - 
[Check #32] Fetching unread emails...
2026-03-19 19:01:11,716 - GmailWatcher - INFO - ✓ Found 10 unread email(s)
2026-03-19 19:01:11,717 - GmailWatcher - INFO - Waiting 60 seconds until next check...
2026-03-19 19:02:11,712 - GmailWatcher - INFO - 
[Check #33] Fetching unread emails...
2026-03-19 19:02:12,174 - GmailWatcher - INFO - ✓ Found 10 unread email(s)
2026-03-19 19:02:12,175 - GmailWatcher - INFO - Waiting 60 seconds until next check...
2026-03-19 19:03:12,169 - GmailWatcher - INFO - 
[Check #34] Fetching unread emails...
2026-03-19 19:03:12,705 - GmailWatcher - INFO - ✓ Found 10 unread email(s)
2026-03-19 19:03:12,707 - GmailWatcher - INFO - Waiting 60 seconds until next check...
2026-03-19 19:04:12,702 - GmailWatcher - INFO - 
[Check #35] Fetching unread emails...
2026-03-19 19:04:13,316 - GmailWatcher - INFO - ✓ Found 10 unread email(s)
2026-03-19 19:04:13,317 - GmailWatcher - INFO - Waiting 60 seconds until next check...
2026-03-19 19:05:13,310 - GmailWatcher - INFO - 
[Check #36] Fetching unread emails...
2026-03-19 19:05:13,898 - GmailWatcher - INFO - ✓ Found 10 unread email(s)
2026-03-19 19:05:13,899 - GmailWatcher - INFO - Waiting 60 seconds until next check...
2026-03-19 19:06:13,893 - GmailWatcher - INFO - 
[Check #37] Fetching unread emails...
2026-03-19 19:06:14,315 - GmailWatcher - INFO - ✓ Found 10 unread email(s)
2026-03-19 19:06:14,319 - GmailWatcher - INFO - Waiting 60 seconds until next check...
2026-03-19 19:07:14,314 - GmailWatcher - INFO - 
[Check #38] Fetching unread emails...
2026-03-19 19:07:15,061 - GmailWatcher - INFO - ✓ Found 10 unread email(s)
2026-03-19 19:07:15,063 - GmailWatcher - INFO - Waiting 60 seconds until next check...
2026-03-19 19:08:15,056 - GmailWatcher - INFO - 
[Check #39] Fetching unread emails...
2026-03-19 19:08:15,404 - GmailWatcher - INFO - ✓ Found 10 unread email(s)
2026-03-19 19:08:15,405 - GmailWatcher - INFO - Waiting 60 seconds until next check...
2026-03-19 19:09:15,397 - GmailWatcher - INFO - 
[Check #40] Fetching unread emails...
2026-03-19 19:09:15,984 - GmailWatcher - INFO - ✓ Found 10 unread email(s)
2026-03-19 19:09:15,987 - GmailWatcher - INFO - Waiting 60 seconds until next check...
2026-03-19 19:10:15,982 - GmailWatcher - INFO - 
[Check #41] Fetching unread emails...
2026-03-19 19:10:16,388 - GmailWatcher - INFO - ✓ Found 10 unread email(s)
2026-03-19 19:10:16,390 - GmailWatcher - INFO - Waiting 60 seconds until next check...
2026-03-19 19:11:16,383 - GmailWatcher - INFO - 
[Check #42] Fetching unread emails...
2026-03-19 19:11:16,737 - GmailWatcher - INFO - ✓ Found 10 unread email(s)
2026-03-19 19:11:16,738 - GmailWatcher - INFO - Waiting 60 seconds until next check...
2026-03-19 19:12:16,733 - GmailWatcher - INFO - 
[Check #43] Fetching unread emails...
2026-03-19 19:12:17,460 - GmailWatcher - INFO - ✓ Found 10 unread email(s)
2026-03-19 19:12:17,462 - GmailWatcher - INFO - Waiting 60 seconds until next check...
2026-03-19 19:13:17,454 - GmailWatcher - INFO - 
[Check #44] Fetching unread emails...
2026-03-19 19:13:17,860 - GmailWatcher - INFO - ✓ Found 10 unread email(s)
2026-03-19 19:13:17,864 - GmailWatcher - INFO - Waiting 60 seconds until next check...
2026-03-19 19:14:17,859 - GmailWatcher - INFO - 
[Check #45] Fetching unread emails...
2026-03-19 19:14:18,215 - GmailWatcher - INFO - ✓ Found 10 unread email(s)
2026-03-19 19:14:18,217 - GmailWatcher - INFO - Waiting 60 seconds until next check...
2026-03-19 19:15:18,211 - GmailWatcher - INFO - 
[Check #46] Fetching unread emails...
2026-03-19 19:15:18,692 - GmailWatcher - INFO - ✓ Found 10 unread email(s)
2026-03-19 19:15:18,693 - GmailWatcher - INFO - Waiting 60 seconds until next check...
2026-03-19 19:16:18,687 - GmailWatcher - INFO - 
[Check #47] Fetching unread emails...
2026-03-19 19:16:19,194 - GmailWatcher - INFO - ✓ Found 10 unread email(s)
2026-03-19 19:16:19,196 - GmailWatcher - INFO - Waiting 60 seconds until next check...
2026-03-19 19:17:19,191 - GmailWatcher - INFO - 
[Check #48] Fetching unread emails...
2026-03-19 19:17:19,623 - GmailWatcher - INFO - ✓ Found 10 unread email(s)
2026-03-19 19:17:19,625 - GmailWatcher - INFO - Waiting 60 seconds until next check...
2026-03-19 19:18:19,617 - GmailWatcher - INFO - 
[Check #49] Fetching unread emails...
2026-03-19 19:18:20,034 - GmailWatcher - INFO - ✓ Found 10 unread email(s)
2026-03-19 19:18:20,036 - GmailWatcher - INFO - Waiting 60 seconds until next check...
2026-03-19 19:19:20,029 - GmailWatcher - INFO - 
[Check #50] Fetching unread emails...
2026-03-19 19:19:20,409 - GmailWatcher - INFO - ✓ Found 10 unread email(s)
2026-03-19 19:19:20,411 - GmailWatcher - INFO - Waiting 60 seconds until next check...
2026-03-19 19:20:20,407 - GmailWatcher - INFO - 
[Check #51] Fetching unread emails...
2026-03-19 19:20:20,779 - GmailWatcher - INFO - ✓ Found 10 unread email(s)
2026-03-19 19:20:20,781 - GmailWatcher - INFO - Waiting 60 seconds until next check...
2026-03-19 19:21:20,774 - GmailWatcher - INFO - 
[Check #52] Fetching unread emails...
2026-03-19 19:21:21,144 - GmailWatcher - INFO - ✓ Found 10 unread email(s)
2026-03-19 19:21:21,146 - GmailWatcher - INFO - Waiting 60 seconds until next check...
2026-03-19 19:22:21,140 - GmailWatcher - INFO - 
[Check #53] Fetching unread emails...
2026-03-19 19:22:21,509 - GmailWatcher - INFO - ✓ Found 10 unread email(s)
2026-03-19 19:22:21,511 - GmailWatcher - INFO - Waiting 60 seconds until next check...
2026-03-19 19:23:21,504 - GmailWatcher - INFO - 
[Check #54] Fetching unread emails...
2026-03-19 19:23:21,848 - GmailWatcher - INFO - ✓ Found 10 unread email(s)
2026-03-19 19:23:21,850 - GmailWatcher - INFO - Waiting 60 seconds until next check...
2026-03-19 19:24:21,844 - GmailWatcher - INFO - 
[Check #55] Fetching unread emails...
2026-03-19 19:24:22,219 - GmailWatcher - INFO - ✓ Found 10 unread email(s)
2026-03-19 19:24:22,220 - GmailWatcher - INFO - Waiting 60 seconds until next check...
2026-03-19 19:25:22,216 - GmailWatcher - INFO - 
[Check #56] Fetching unread emails...
2026-03-19 19:25:22,577 - GmailWatcher - INFO - ✓ Found 10 unread email(s)
2026-03-19 19:25:22,578 - GmailWatcher - INFO - Waiting 60 seconds until next check...
2026-03-19 19:26:22,573 - GmailWatcher - INFO - 
[Check #57] Fetching unread emails...
2026-03-19 19:26:24,013 - GmailWatcher - INFO - ✓ Found 10 unread email(s)
2026-03-19 19:26:24,015 - GmailWatcher - INFO - Waiting 60 seconds until next check...
2026-03-19 19:27:24,008 - GmailWatcher - INFO - 
[Check #58] Fetching unread emails...
2026-03-19 19:27:24,695 - GmailWatcher - INFO - ✓ Found 10 unread email(s)
2026-03-19 19:27:24,697 - GmailWatcher - INFO - Waiting 60 seconds until next check...
2026-03-19 19:28:24,691 - GmailWatcher - INFO - 
[Check #59] Fetching unread emails...
2026-03-19 19:28:25,092 - GmailWatcher - INFO - ✓ Found 10 unread email(s)
2026-03-19 19:28:25,094 - GmailWatcher - INFO - Waiting 60 seconds until next check...
2026-03-19 19:29:25,087 - GmailWatcher - INFO - 
[Check #60] Fetching unread emails...
2026-03-19 19:29:25,457 - GmailWatcher - INFO - ✓ Found 10 unread email(s)
2026-03-19 19:29:25,458 - GmailWatcher - INFO - Waiting 60 seconds until next check...
2026-03-19 19:30:25,452 - GmailWatcher - INFO - 
[Check #61] Fetching unread emails...
2026-03-19 19:30:25,865 - GmailWatcher - INFO - ✓ Found 10 unread email(s)
2026-03-19 19:30:25,867 - GmailWatcher - INFO - Waiting 60 seconds until next check...
2026-03-19 19:31:25,861 - GmailWatcher - INFO - 
[Check #62] Fetching unread emails...
2026-03-19 19:31:26,795 - GmailWatcher - INFO - ✓ Found 10 unread email(s)
2026-03-19 19:31:26,796 - GmailWatcher - INFO - Waiting 60 seconds until next check...
2026-03-19 19:32:26,790 - GmailWatcher - INFO - 
[Check #63] Fetching unread emails...
2026-03-19 19:32:27,220 - GmailWatcher - INFO - ✓ Found 10 unread email(s)
2026-03-19 19:32:27,224 - GmailWatcher - INFO - Waiting 60 seconds until next check...
2026-03-19 19:33:27,219 - GmailWatcher - INFO - 
[Check #64] Fetching unread emails...
2026-03-19 19:33:27,625 - GmailWatcher - INFO - ✓ Found 10 unread email(s)
2026-03-19 19:33:27,626 - GmailWatcher - INFO - Waiting 60 seconds until next check...
2026-03-19 19:34:27,621 - GmailWatcher - INFO - 
[Check #65] Fetching unread emails...
2026-03-19 19:34:28,032 - GmailWatcher - INFO - ✓ Found 10 unread email(s)
2026-03-19 19:34:28,034 - GmailWatcher - INFO - Waiting 60 seconds until next check...
2026-03-19 19:35:28,029 - GmailWatcher - INFO - 
[Check #66] Fetching unread emails...
2026-03-19 19:35:28,628 - GmailWatcher - INFO - ✓ Found 10 unread email(s)
2026-03-19 19:35:28,629 - GmailWatcher - INFO - Waiting 60 seconds until next check...
2026-03-19 19:36:28,623 - GmailWatcher - INFO - 
[Check #67] Fetching unread emails...
2026-03-19 19:36:29,000 - GmailWatcher - INFO - ✓ Found 10 unread email(s)
2026-03-19 19:36:29,001 - GmailWatcher - INFO - Waiting 60 seconds until next check...
2026-03-19 19:37:28,994 - GmailWatcher - INFO - 
[Check #68] Fetching unread emails...
2026-03-19 19:37:29,362 - GmailWatcher - INFO - ✓ Found 10 unread email(s)
2026-03-19 19:37:29,363 - GmailWatcher - INFO - Waiting 60 seconds until next check...
2026-03-19 19:38:29,359 - GmailWatcher - INFO - 
[Check #69] Fetching unread emails...
2026-03-19 19:38:29,712 - GmailWatcher - INFO - ✓ Found 10 unread email(s)
2026-03-19 19:38:29,712 - GmailWatcher - INFO - Waiting 60 seconds until next check...
2026-03-19 19:39:29,706 - GmailWatcher - INFO - 
[Check #70] Fetching unread emails...
2026-03-19 19:39:30,095 - GmailWatcher - INFO - ✓ Found 10 unread email(s)
2026-03-19 19:39:30,095 - GmailWatcher - INFO - Waiting 60 seconds until next check...
2026-03-19 19:40:30,089 - GmailWatcher - INFO - 
[Check #71] Fetching unread emails...
2026-03-19 19:40:32,194 - GmailWatcher - INFO - ✓ Found 10 unread email(s)
2026-03-19 19:40:32,195 - GmailWatcher - INFO - Waiting 60 seconds until next check...
2026-03-19 19:41:32,191 - GmailWatcher - INFO - 
[Check #72] Fetching unread emails...
2026-03-19 19:41:32,547 - GmailWatcher - INFO - ✓ Found 10 unread email(s)
2026-03-19 19:41:32,548 - GmailWatcher - INFO - Waiting 60 seconds until next check...
2026-03-19 19:42:32,544 - GmailWatcher - INFO - 
[Check #73] Fetching unread emails...
2026-03-19 19:42:33,423 - GmailWatcher - INFO - ✓ Found 10 unread email(s)
2026-03-19 19:42:33,423 - GmailWatcher - INFO - Waiting 60 seconds until next check...
2026-03-19 19:43:33,418 - GmailWatcher - INFO - 
[Check #74] Fetching unread emails...
2026-03-19 19:43:33,804 - GmailWatcher - INFO - ✓ Found 10 unread email(s)
2026-03-19 19:43:33,804 - GmailWatcher - INFO - Waiting 60 seconds until next check...
2026-03-19 19:44:33,801 - GmailWatcher - INFO - 
[Check #75] Fetching unread emails...
2026-03-19 19:44:34,234 - GmailWatcher - INFO - ✓ Found 10 unread email(s)
2026-03-19 19:44:34,234 - GmailWatcher - INFO - Waiting 60 seconds until next check...
2026-03-19 19:45:34,229 - GmailWatcher - INFO - 
[Check #76] Fetching unread emails...
2026-03-19 19:45:34,674 - GmailWatcher - INFO - ✓ Found 10 unread email(s)
2026-03-19 19:45:34,675 - GmailWatcher - INFO - Waiting 60 seconds until next check...
2026-03-19 19:46:34,670 - GmailWatcher - INFO - 
[Check #77] Fetching unread emails...
2026-03-19 19:46:35,562 - GmailWatcher - INFO - ✓ Found 10 unread email(s)
2026-03-19 19:46:35,563 - GmailWatcher - INFO - Waiting 60 seconds until next check...
2026-03-19 19:47:35,558 - GmailWatcher - INFO - 
[Check #78] Fetching unread emails...
2026-03-19 19:47:35,923 - GmailWatcher - INFO - ✓ Found 10 unread email(s)
2026-03-19 19:47:35,923 - GmailWatcher - INFO - Waiting 60 seconds until next check...
2026-03-19 19:48:35,919 - GmailWatcher - INFO - 
[Check #79] Fetching unread emails...
2026-03-19 19:48:36,274 - GmailWatcher - INFO - ✓ Found 10 unread email(s)
2026-03-19 19:48:36,274 - GmailWatcher - INFO - Waiting 60 seconds until next check...
2026-03-19 19:49:36,270 - GmailWatcher - INFO - 
[Check #80] Fetching unread emails...
2026-03-19 19:49:36,647 - GmailWatcher - INFO - ✓ Found 10 unread email(s)
2026-03-19 19:49:36,648 - GmailWatcher - INFO - Waiting 60 seconds until next check...
2026-03-19 19:50:36,643 - GmailWatcher - INFO - 
[Check #81] Fetching unread emails...
2026-03-19 19:50:37,104 - GmailWatcher - INFO - ✓ Found 10 unread email(s)
2026-03-19 19:50:37,105 - GmailWatcher - INFO - Waiting 60 seconds until next check...
2026-03-19 19:51:37,101 - GmailWatcher - INFO - 
[Check #82] Fetching unread emails...
2026-03-19 19:51:37,475 - GmailWatcher - INFO - ✓ Found 10 unread email(s)
2026-03-19 19:51:37,476 - GmailWatcher - INFO - Waiting 60 seconds until next check...
2026-03-19 19:52:37,471 - GmailWatcher - INFO - 
[Check #83] Fetching unread emails...
2026-03-19 19:52:37,861 - GmailWatcher - INFO - ✓ Found 10 unread email(s)
2026-03-19 19:52:37,862 - GmailWatcher - INFO - Waiting 60 seconds until next check...
2026-03-19 19:53:37,857 - GmailWatcher - INFO - 
[Check #84] Fetching unread emails...
2026-03-19 19:53:38,197 - GmailWatcher - INFO - ✓ Found 10 unread email(s)
2026-03-19 19:53:38,197 - GmailWatcher - INFO - Waiting 60 seconds until next check...
2026-03-19 19:54:38,193 - GmailWatcher - INFO - 
[Check #85] Fetching unread emails...
2026-03-19 19:54:38,553 - GmailWatcher - INFO - ✓ Found 10 unread email(s)
2026-03-19 19:54:38,553 - GmailWatcher - INFO - Waiting 60 seconds until next check...
2026-03-19 19:55:38,549 - GmailWatcher - INFO - 
[Check #86] Fetching unread emails...
2026-03-19 19:55:38,947 - GmailWatcher - INFO - ✓ Found 10 unread email(s)
2026-03-19 19:55:38,948 - GmailWatcher - INFO - Waiting 60 seconds until next check...
2026-03-19 19:56:38,947 - GmailWatcher - INFO - 
[Check #87] Fetching unread emails...
2026-03-19 19:56:39,884 - GmailWatcher - INFO - ✓ Found 10 unread email(s)
2026-03-19 19:56:39,885 - GmailWatcher - INFO - Waiting 60 seconds until next check...
2026-03-19 19:57:39,881 - GmailWatcher - INFO - 
[Check #88] Fetching unread emails...
2026-03-19 19:57:40,240 - GmailWatcher - INFO - ✓ Found 10 unread email(s)
2026-03-19 19:57:40,241 - GmailWatcher - INFO - Waiting 60 seconds until next check...
2026-03-19 19:58:40,237 - GmailWatcher - INFO - 
[Check #89] Fetching unread emails...
2026-03-19 19:58:40,618 - GmailWatcher - INFO - ✓ Found 10 unread email(s)
2026-03-19 19:58:40,619 - GmailWatcher - INFO - Waiting 60 seconds until next check...
2026-03-19 19:59:40,618 - GmailWatcher - INFO - 
[Check #90] Fetching unread emails...
2026-03-19 19:59:40,949 - GmailWatcher - INFO - ✓ Found 10 unread email(s)
2026-03-19 19:59:40,950 - GmailWatcher - INFO - Waiting 60 seconds until next check...
2026-03-19 20:00:40,946 - GmailWatcher - INFO - 
[Check #91] Fetching unread emails...
2026-03-19 20:00:42,159 - GmailWatcher - INFO - ✓ Found 10 unread email(s)
2026-03-19 20:00:42,160 - GmailWatcher - INFO - Waiting 60 seconds until next check...
2026-03-19 20:01:42,156 - GmailWatcher - INFO - 
[Check #92] Fetching unread emails...
2026-03-19 20:01:42,832 - GmailWatcher - INFO - ✓ Found 10 unread email(s)
2026-03-19 20:01:42,833 - GmailWatcher - INFO - Waiting 60 seconds until next check...
2026-03-19 20:02:42,830 - GmailWatcher - INFO - 
[Check #93] Fetching unread emails...
2026-03-19 20:02:43,180 - GmailWatcher - INFO - ✓ Found 10 unread email(s)
2026-03-19 20:02:43,181 - GmailWatcher - INFO - Waiting 60 seconds until next check...
2026-03-19 20:03:43,177 - GmailWatcher - INFO - 
[Check #94] Fetching unread emails...
2026-03-19 20:03:43,543 - GmailWatcher - INFO - ✓ Found 10 unread email(s)
2026-03-19 20:03:43,544 - GmailWatcher - INFO - Waiting 60 seconds until next check...
2026-03-19 20:04:43,540 - GmailWatcher - INFO - 
[Check #95] Fetching unread emails...
2026-03-19 20:04:43,889 - GmailWatcher - INFO - ✓ Found 10 unread email(s)
2026-03-19 20:04:43,889 - GmailWatcher - INFO - Waiting 60 seconds until next check...
2026-03-19 20:05:43,886 - GmailWatcher - INFO - 
[Check #96] Fetching unread emails...
2026-03-19 20:05:44,347 - GmailWatcher - INFO - ✓ Found 10 unread email(s)
2026-03-19 20:05:44,347 - GmailWatcher - INFO - Waiting 60 seconds until next check...
2026-03-19 20:06:44,343 - GmailWatcher - INFO - 
[Check #97] Fetching unread emails...
2026-03-19 20:06:44,991 - GmailWatcher - INFO - ✓ Found 10 unread email(s)
2026-03-19 20:06:44,991 - GmailWatcher - INFO - Waiting 60 seconds until next check...
2026-03-19 20:07:44,988 - GmailWatcher - INFO - 
[Check #98] Fetching unread emails...
2026-03-19 20:07:49,012 - GmailWatcher - INFO - ✓ Found 10 unread email(s)
2026-03-19 20:07:49,013 - GmailWatcher - INFO - Waiting 60 seconds until next check...
2026-03-19 20:08:49,009 - GmailWatcher - INFO - 
[Check #99] Fetching unread emails...
2026-03-19 20:08:49,389 - GmailWatcher - INFO - ✓ Found 10 unread email(s)
2026-03-19 20:08:49,390 - GmailWatcher - INFO - Waiting 60 seconds until next check...
2026-03-19 20:09:49,386 - GmailWatcher - INFO - 
[Check #100] Fetching unread emails...
2026-03-19 20:09:49,749 - GmailWatcher - INFO - ✓ Found 10 unread email(s)
2026-03-19 20:09:49,749 - GmailWatcher - INFO - Waiting 60 seconds until next check...
2026-03-19 20:10:49,745 - GmailWatcher - INFO - 
[Check #101] Fetching unread emails...
2026-03-19 20:10:50,198 - GmailWatcher - INFO - ✓ Found 10 unread email(s)
2026-03-19 20:10:50,198 - GmailWatcher - INFO - Waiting 60 seconds until next check...
2026-03-19 20:11:50,195 - GmailWatcher - INFO - 
[Check #102] Fetching unread emails...
2026-03-19 20:11:50,561 - GmailWatcher - INFO - ✓ Found 10 unread email(s)
2026-03-19 20:11:50,561 - GmailWatcher - INFO - Waiting 60 seconds until next check...
2026-03-19 20:12:50,558 - GmailWatcher - INFO - 
[Check #103] Fetching unread emails...
2026-03-19 20:12:50,955 - GmailWatcher - INFO - ✓ Found 10 unread email(s)
2026-03-19 20:12:50,956 - GmailWatcher - INFO - Waiting 60 seconds until next check...
2026-03-19 20:13:50,953 - GmailWatcher - INFO - 
[Check #104] Fetching unread emails...
2026-03-19 20:13:51,309 - GmailWatcher - INFO - ✓ Found 10 unread email(s)
2026-03-19 20:13:51,310 - GmailWatcher - INFO - Waiting 60 seconds until next check...
2026-03-19 20:14:51,306 - GmailWatcher - INFO - 
[Check #105] Fetching unread emails...
2026-03-19 20:14:51,756 - GmailWatcher - INFO - ✓ Found 10 unread email(s)
2026-03-19 20:14:51,756 - GmailWatcher - INFO - Waiting 60 seconds until next check...
2026-03-19 20:15:51,752 - GmailWatcher - INFO - 
[Check #106] Fetching unread emails...
2026-03-19 20:15:52,445 - GmailWatcher - INFO - ✓ Found 10 unread email(s)
2026-03-19 20:15:52,446 - GmailWatcher - INFO - Waiting 60 seconds until next check...
2026-03-19 20:16:52,441 - GmailWatcher - INFO - 
[Check #107] Fetching unread emails...
2026-03-19 20:16:52,815 - GmailWatcher - INFO - ✓ Found 10 unread email(s)
2026-03-19 20:16:52,818 - GmailWatcher - INFO - Waiting 60 seconds until next check...
2026-03-19 20:17:52,815 - GmailWatcher - INFO - 
[Check #108] Fetching unread emails...
2026-03-19 20:17:53,272 - GmailWatcher - INFO - ✓ Found 10 unread email(s)
2026-03-19 20:17:53,276 - GmailWatcher - INFO - Waiting 60 seconds until next check...
2026-03-19 20:18:53,275 - GmailWatcher - INFO - 
[Check #109] Fetching unread emails...
2026-03-19 20:18:53,614 - GmailWatcher - INFO - ✓ Found 10 unread email(s)
2026-03-19 20:18:53,615 - GmailWatcher - INFO - Waiting 60 seconds until next check...
2026-03-19 20:19:53,613 - GmailWatcher - INFO - 
[Check #110] Fetching unread emails...
2026-03-19 20:19:54,514 - GmailWatcher - INFO - ✓ Found 10 unread email(s)
2026-03-19 20:19:54,515 - GmailWatcher - INFO - Waiting 60 seconds until next check...
2026-03-19 20:20:54,512 - GmailWatcher - INFO - 
[Check #111] Fetching unread emails...
2026-03-19 20:20:55,062 - GmailWatcher - INFO - ✓ Found 10 unread email(s)
2026-03-19 20:20:55,063 - GmailWatcher - INFO - Waiting 60 seconds until next check...
2026-03-19 20:21:55,060 - GmailWatcher - INFO - 
[Check #112] Fetching unread emails...
2026-03-19 20:21:55,766 - GmailWatcher - INFO - ✓ Found 10 unread email(s)
2026-03-19 20:21:55,767 - GmailWatcher - INFO - Waiting 60 seconds until next check...
2026-03-19 20:22:55,763 - GmailWatcher - INFO - 
[Check #113] Fetching unread emails...
2026-03-19 20:22:57,848 - GmailWatcher - INFO - ✓ Found 10 unread email(s)
2026-03-19 20:22:57,849 - GmailWatcher - INFO - Waiting 60 seconds until next check...
2026-03-19 20:23:57,845 - GmailWatcher - INFO - 
[Check #114] Fetching unread emails...
2026-03-19 20:23:58,252 - GmailWatcher - INFO - ✓ Found 10 unread email(s)
2026-03-19 20:23:58,255 - GmailWatcher - INFO - Waiting 60 seconds until next check...
2026-03-19 20:24:58,250 - GmailWatcher - INFO - 
[Check #115] Fetching unread emails...
2026-03-19 20:24:59,658 - GmailWatcher - INFO - ✓ Found 10 unread email(s)
2026-03-19 20:24:59,659 - GmailWatcher - INFO - Waiting 60 seconds until next check...
2026-03-19 20:25:59,656 - GmailWatcher - INFO - 
[Check #116] Fetching unread emails...
2026-03-19 20:26:00,256 - GmailWatcher - INFO - ✓ Found 10 unread email(s)
2026-03-19 20:26:00,257 - GmailWatcher - INFO - Waiting 60 seconds until next check...
2026-03-19 20:27:00,253 - GmailWatcher - INFO - 
[Check #117] Fetching unread emails...
2026-03-19 20:27:00,659 - GmailWatcher - INFO - ✓ Found 10 unread email(s)
2026-03-19 20:27:00,660 - GmailWatcher - INFO - Waiting 60 seconds until next check...
2026-03-19 20:28:00,656 - GmailWatcher - INFO - 
[Check #118] Fetching unread emails...
2026-03-19 20:28:01,055 - GmailWatcher - INFO - ✓ Found 10 unread email(s)
2026-03-19 20:28:01,056 - GmailWatcher - INFO - Waiting 60 seconds until next check...
2026-03-19 20:29:01,051 - GmailWatcher - INFO - 
[Check #119] Fetching unread emails...
2026-03-19 20:29:01,450 - GmailWatcher - INFO - ✓ Found 10 unread email(s)
2026-03-19 20:29:01,451 - GmailWatcher - INFO - Waiting 60 seconds until next check...
2026-03-19 20:30:01,447 - GmailWatcher - INFO - 
[Check #120] Fetching unread emails...
2026-03-19 20:30:02,302 - GmailWatcher - INFO - ✓ Found 10 unread email(s)
2026-03-19 20:30:02,304 - GmailWatcher - INFO - Waiting 60 seconds until next check...
2026-03-19 20:31:02,299 - GmailWatcher - INFO - 
[Check #121] Fetching unread emails...
2026-03-19 20:31:03,293 - GmailWatcher - INFO - ✓ Found 10 unread email(s)
2026-03-19 20:31:03,295 - GmailWatcher - INFO - Waiting 60 seconds until next check...
2026-03-19 20:32:03,289 - GmailWatcher - INFO - 
[Check #122] Fetching unread emails...
2026-03-19 20:32:03,728 - GmailWatcher - INFO - ✓ Found 10 unread email(s)
2026-03-19 20:32:03,732 - GmailWatcher - INFO - Waiting 60 seconds until next check...
2026-03-19 20:33:03,727 - GmailWatcher - INFO - 
[Check #123] Fetching unread emails...
2026-03-19 20:33:05,410 - GmailWatcher - INFO - ✓ Found 10 unread email(s)
2026-03-19 20:33:05,411 - GmailWatcher - INFO - Waiting 60 seconds until next check...
2026-03-19 20:34:05,406 - GmailWatcher - INFO - 
[Check #124] Fetching unread emails...
2026-03-19 20:34:05,851 - GmailWatcher - INFO - ✓ Found 10 unread email(s)
2026-03-19 20:34:05,852 - GmailWatcher - INFO - Waiting 60 seconds until next check...
2026-03-19 20:35:05,847 - GmailWatcher - INFO - 
[Check #125] Fetching unread emails...
2026-03-19 20:35:06,244 - GmailWatcher - INFO - ✓ Found 10 unread email(s)
2026-03-19 20:35:06,247 - GmailWatcher - INFO - Waiting 60 seconds until next check...
2026-03-19 20:36:06,243 - GmailWatcher - INFO - 
[Check #126] Fetching unread emails...
2026-03-19 20:36:06,599 - GmailWatcher - INFO - ✓ Found 10 unread email(s)
2026-03-19 20:36:06,599 - GmailWatcher - INFO - Waiting 60 seconds until next check...
2026-03-19 20:37:06,596 - GmailWatcher - INFO - 
[Check #127] Fetching unread emails...
2026-03-19 20:37:07,066 - GmailWatcher - INFO - ✓ Found 10 unread email(s)
2026-03-19 20:37:07,067 - GmailWatcher - INFO - Waiting 60 seconds until next check...
2026-03-19 20:38:07,064 - GmailWatcher - INFO - 
[Check #128] Fetching unread emails...
2026-03-19 20:38:07,448 - GmailWatcher - INFO - ✓ Found 10 unread email(s)
2026-03-19 20:38:07,449 - GmailWatcher - INFO - Waiting 60 seconds until next check...
2026-03-19 20:39:07,443 - GmailWatcher - INFO - 
[Check #129] Fetching unread emails...
2026-03-19 20:39:08,228 - GmailWatcher - INFO - ✓ Found 10 unread email(s)
2026-03-19 20:39:08,230 - GmailWatcher - INFO - Waiting 60 seconds until next check...
2026-03-19 20:40:08,224 - GmailWatcher - INFO - 
[Check #130] Fetching unread emails...
2026-03-19 20:40:08,639 - GmailWatcher - INFO - ✓ Found 10 unread email(s)
2026-03-19 20:40:08,640 - GmailWatcher - INFO - Waiting 60 seconds until next check...
2026-03-19 20:41:08,636 - GmailWatcher - INFO - 
[Check #131] Fetching unread emails...
2026-03-19 20:41:08,991 - GmailWatcher - INFO - ✓ Found 10 unread email(s)
2026-03-19 20:41:08,992 - GmailWatcher - INFO - Waiting 60 seconds until next check...
2026-03-19 20:42:08,979 - GmailWatcher - INFO - 
[Check #132] Fetching unread emails...
2026-03-19 20:42:09,332 - GmailWatcher - INFO - ✓ Found 10 unread email(s)
2026-03-19 20:42:09,334 - GmailWatcher - INFO - Waiting 60 seconds until next check...
2026-03-19 20:43:09,336 - GmailWatcher - INFO - 
[Check #133] Fetching unread emails...
2026-03-19 20:43:09,832 - GmailWatcher - INFO - ✓ Found 10 unread email(s)
2026-03-19 20:43:09,833 - GmailWatcher - INFO - Waiting 60 seconds until next check...
2026-03-19 20:44:09,829 - GmailWatcher - INFO - 
[Check #134] Fetching unread emails...
2026-03-19 20:44:10,198 - GmailWatcher - INFO - ✓ Found 10 unread email(s)
2026-03-19 20:44:10,202 - GmailWatcher - INFO - Waiting 60 seconds until next check...
2026-03-19 20:45:10,198 - GmailWatcher - INFO - 
[Check #135] Fetching unread emails...
2026-03-19 20:45:10,562 - GmailWatcher - INFO - ✓ Found 10 unread email(s)
2026-03-19 20:45:10,565 - GmailWatcher - INFO - Waiting 60 seconds until next check...
2026-03-19 20:46:10,559 - GmailWatcher - INFO - 
[Check #136] Fetching unread emails...
2026-03-19 20:46:11,001 - GmailWatcher - INFO - ✓ Found 10 unread email(s)
2026-03-19 20:46:11,002 - GmailWatcher - INFO - Waiting 60 seconds until next check...
2026-03-19 20:47:10,998 - GmailWatcher - INFO - 
[Check #137] Fetching unread emails...
2026-03-19 20:47:11,387 - GmailWatcher - INFO - ✓ Found 10 unread email(s)
2026-03-19 20:47:11,388 - GmailWatcher - INFO - Waiting 60 seconds until next check...
2026-03-19 20:48:11,382 - GmailWatcher - INFO - 
[Check #138] Fetching unread emails...
2026-03-19 20:48:11,783 - GmailWatcher - INFO - ✓ Found 10 unread email(s)
2026-03-19 20:48:11,784 - GmailWatcher - INFO - Waiting 60 seconds until next check...
2026-03-19 20:49:11,784 - GmailWatcher - INFO - 
[Check #139] Fetching unread emails...
2026-03-19 20:49:12,712 - GmailWatcher - INFO - ✓ Found 10 unread email(s)
2026-03-19 20:49:12,713 - GmailWatcher - INFO - Waiting 60 seconds until next check...
2026-03-19 20:50:12,707 - GmailWatcher - INFO - 
[Check #140] Fetching unread emails...
2026-03-19 20:50:13,274 - GmailWatcher - INFO - ✓ Found 10 unread email(s)
2026-03-19 20:50:13,277 - GmailWatcher - INFO - Waiting 60 seconds until next check...
2026-03-19 20:51:13,273 - GmailWatcher - INFO - 
[Check #141] Fetching unread emails...
2026-03-19 20:51:13,709 - GmailWatcher - INFO - ✓ Found 10 unread email(s)
2026-03-19 20:51:13,715 - GmailWatcher - INFO - Waiting 60 seconds until next check...
2026-03-19 20:52:13,712 - GmailWatcher - INFO - 
[Check #142] Fetching unread emails...
2026-03-19 20:52:14,070 - GmailWatcher - INFO - ✓ Found 10 unread email(s)
2026-03-19 20:52:14,072 - GmailWatcher - INFO - Waiting 60 seconds until next check...
2026-03-19 20:53:14,068 - GmailWatcher - INFO - 
[Check #143] Fetching unread emails...
2026-03-19 20:53:14,761 - GmailWatcher - INFO - ✓ Found 10 unread email(s)
2026-03-19 20:53:14,762 - GmailWatcher - INFO - Waiting 60 seconds until next check...
2026-03-19 20:54:14,757 - GmailWatcher - INFO - 
[Check #144] Fetching unread emails...
2026-03-19 20:54:15,792 - GmailWatcher - INFO - ✓ Found 10 unread email(s)
2026-03-19 20:54:15,793 - GmailWatcher - INFO - Waiting 60 seconds until next check...
2026-03-19 20:55:15,788 - GmailWatcher - INFO - 
[Check #145] Fetching unread emails...
2026-03-19 20:55:16,344 - GmailWatcher - INFO - ✓ Found 10 unread email(s)
2026-03-19 20:55:16,345 - GmailWatcher - INFO - Waiting 60 seconds until next check...
2026-03-19 20:56:16,339 - GmailWatcher - INFO - 
[Check #146] Fetching unread emails...
2026-03-19 20:56:16,851 - GmailWatcher - INFO - ✓ Found 10 unread email(s)
2026-03-19 20:56:16,853 - GmailWatcher - INFO - Waiting 60 seconds until next check...
2026-03-19 20:57:16,848 - GmailWatcher - INFO - 
[Check #147] Fetching unread emails...
2026-03-19 20:57:17,231 - GmailWatcher - INFO - ✓ Found 10 unread email(s)
2026-03-19 20:57:17,233 - GmailWatcher - INFO - Waiting 60 seconds until next check...
2026-03-19 20:58:17,227 - GmailWatcher - INFO - 
[Check #148] Fetching unread emails...
2026-03-19 20:58:17,636 - GmailWatcher - INFO - ✓ Found 10 unread email(s)
2026-03-19 20:58:17,638 - GmailWatcher - INFO - Waiting 60 seconds until next check...
2026-03-19 20:59:17,632 - GmailWatcher - INFO - 
[Check #149] Fetching unread emails...
2026-03-19 20:59:17,989 - GmailWatcher - INFO - ✓ Found 10 unread email(s)
2026-03-19 20:59:17,990 - GmailWatcher - INFO - Waiting 60 seconds until next check...
2026-03-19 21:00:17,983 - GmailWatcher - INFO - 
[Check #150] Fetching unread emails...
2026-03-19 21:00:18,423 - GmailWatcher - INFO - ✓ Found 10 unread email(s)
2026-03-19 21:00:18,425 - GmailWatcher - INFO - Waiting 60 seconds until next check...
2026-03-19 21:01:18,420 - GmailWatcher - INFO - 
[Check #151] Fetching unread emails...
2026-03-19 21:01:18,841 - GmailWatcher - INFO - ✓ Found 10 unread email(s)
2026-03-19 21:01:18,842 - GmailWatcher - INFO - Waiting 60 seconds until next check...
2026-03-19 21:02:18,836 - GmailWatcher - INFO - 
[Check #152] Fetching unread emails...
2026-03-19 21:02:19,951 - GmailWatcher - INFO - ✓ Found 10 unread email(s)
2026-03-19 21:02:19,953 - GmailWatcher - INFO - Waiting 60 seconds until next check...
2026-03-19 21:03:19,947 - GmailWatcher - INFO - 
[Check #153] Fetching unread emails...
2026-03-19 21:03:20,667 - GmailWatcher - INFO - ✓ Found 10 unread email(s)
2026-03-19 21:03:20,669 - GmailWatcher - INFO - Waiting 60 seconds until next check...
2026-03-19 21:04:20,664 - GmailWatcher - INFO - 
[Check #154] Fetching unread emails...
2026-03-19 21:04:21,194 - GmailWatcher - INFO - ✓ Found 10 unread email(s)
2026-03-19 21:04:21,196 - GmailWatcher - INFO - Waiting 60 seconds until next check...
2026-03-19 21:05:21,190 - GmailWatcher - INFO - 
[Check #155] Fetching unread emails...
2026-03-19 21:05:21,583 - GmailWatcher - INFO - ✓ Found 10 unread email(s)
2026-03-19 21:05:21,584 - GmailWatcher - INFO - Waiting 60 seconds until next check...
2026-03-19 21:06:21,579 - GmailWatcher - INFO - 
[Check #156] Fetching unread emails...
2026-03-19 21:06:22,281 - GmailWatcher - INFO - ✓ Found 10 unread email(s)
2026-03-19 21:06:22,285 - GmailWatcher - INFO - Waiting 60 seconds until next check...
2026-03-19 21:07:22,281 - GmailWatcher - INFO - 
[Check #157] Fetching unread emails...
2026-03-19 21:07:22,696 - GmailWatcher - INFO - ✓ Found 10 unread email(s)
2026-03-19 21:07:22,761 - GmailWatcher - INFO - Waiting 60 seconds until next check...
2026-03-19 21:08:22,765 - GmailWatcher - INFO - 
[Check #158] Fetching unread emails...
2026-03-19 21:08:25,009 - GmailWatcher - INFO - ✓ Found 10 unread email(s)
2026-03-19 21:08:25,034 - GmailWatcher - INFO - Waiting 60 seconds until next check...
2026-03-19 21:09:25,041 - GmailWatcher - INFO - 
[Check #159] Fetching unread emails...
2026-03-19 21:09:25,458 - GmailWatcher - INFO - ✓ Found 10 unread email(s)
2026-03-19 21:09:25,460 - GmailWatcher - INFO - Waiting 60 seconds until next check...
2026-03-19 21:10:25,455 - GmailWatcher - INFO - 
[Check #160] Fetching unread emails...
2026-03-19 21:10:25,862 - GmailWatcher - INFO - ✓ Found 10 unread email(s)
2026-03-19 21:10:25,864 - GmailWatcher - INFO - Waiting 60 seconds until next check...
2026-03-19 21:11:25,858 - GmailWatcher - INFO - 
[Check #161] Fetching unread emails...
2026-03-19 21:11:26,253 - GmailWatcher - INFO - ✓ Found 10 unread email(s)
2026-03-19 21:11:26,256 - GmailWatcher - INFO - Waiting 60 seconds until next check...
2026-03-19 21:12:26,253 - GmailWatcher - INFO - 
[Check #162] Fetching unread emails...
2026-03-19 21:12:26,616 - GmailWatcher - INFO - ✓ Found 10 unread email(s)
2026-03-19 21:12:26,618 - GmailWatcher - INFO - Waiting 60 seconds until next check...
2026-03-19 21:13:26,613 - GmailWatcher - INFO - 
[Check #163] Fetching unread emails...
2026-03-19 21:13:26,942 - GmailWatcher - INFO - ✓ Found 10 unread email(s)
2026-03-19 21:13:26,944 - GmailWatcher - INFO - Waiting 60 seconds until next check...
2026-03-19 21:14:26,934 - GmailWatcher - INFO - 
[Check #164] Fetching unread emails...
2026-03-19 21:14:27,288 - GmailWatcher - INFO - ✓ Found 10 unread email(s)
2026-03-19 21:14:27,290 - GmailWatcher - INFO - Waiting 60 seconds until next check...
2026-03-19 21:15:27,283 - GmailWatcher - INFO - 
[Check #165] Fetching unread emails...
2026-03-19 21:15:27,622 - GmailWatcher - INFO - ✓ Found 10 unread email(s)
2026-03-19 21:15:27,623 - GmailWatcher - INFO - Waiting 60 seconds until next check...
2026-03-19 21:16:27,613 - GmailWatcher - INFO - 
[Check #166] Fetching unread emails...
2026-03-19 21:16:28,273 - GmailWatcher - INFO - ✓ Found 10 unread email(s)
2026-03-19 21:16:28,275 - GmailWatcher - INFO - Waiting 60 seconds until next check...
2026-03-19 21:17:28,266 - GmailWatcher - INFO - 
[Check #167] Fetching unread emails...
2026-03-19 21:17:28,618 - GmailWatcher - INFO - ✓ Found 10 unread email(s)
2026-03-19 21:17:28,619 - GmailWatcher - INFO - Waiting 60 seconds until next check...
2026-03-19 21:18:28,611 - GmailWatcher - INFO - 
[Check #168] Fetching unread emails...
2026-03-19 21:18:28,980 - GmailWatcher - INFO - ✓ Found 10 unread email(s)
2026-03-19 21:18:28,981 - GmailWatcher - INFO - Waiting 60 seconds until next check...
2026-03-19 21:19:28,975 - GmailWatcher - INFO - 
[Check #169] Fetching unread emails...
2026-03-19 21:19:30,070 - GmailWatcher - INFO - ✓ Found 10 unread email(s)
2026-03-19 21:19:30,070 - GmailWatcher - INFO - Waiting 60 seconds until next check...
2026-03-19 21:20:30,062 - GmailWatcher - INFO - 
[Check #170] Fetching unread emails...
2026-03-19 21:20:30,435 - GmailWatcher - INFO - ✓ Found 10 unread email(s)
2026-03-19 21:20:30,436 - GmailWatcher - INFO - Waiting 60 seconds until next check...
2026-03-19 21:21:30,428 - GmailWatcher - INFO - 
[Check #171] Fetching unread emails...
2026-03-19 21:21:31,152 - GmailWatcher - INFO - ✓ Found 10 unread email(s)
2026-03-19 21:21:31,153 - GmailWatcher - INFO - Waiting 60 seconds until next check...
2026-03-19 21:22:31,146 - GmailWatcher - INFO - 
[Check #172] Fetching unread emails...
2026-03-19 21:22:31,489 - GmailWatcher - INFO - ✓ Found 10 unread email(s)
2026-03-19 21:22:31,490 - GmailWatcher - INFO - Waiting 60 seconds until next check...
2026-03-19 21:23:31,482 - GmailWatcher - INFO - 
[Check #173] Fetching unread emails...
2026-03-19 21:23:31,844 - GmailWatcher - INFO - ✓ Found 10 unread email(s)
2026-03-19 21:23:31,845 - GmailWatcher - INFO - Waiting 60 seconds until next check...
2026-03-19 21:24:31,837 - GmailWatcher - INFO - 
[Check #174] Fetching unread emails...
2026-03-19 21:24:32,231 - GmailWatcher - INFO - ✓ Found 10 unread email(s)
2026-03-19 21:24:32,232 - GmailWatcher - INFO - Waiting 60 seconds until next check...
2026-03-19 21:25:32,226 - GmailWatcher - INFO - 
[Check #175] Fetching unread emails...
2026-03-19 21:25:32,589 - GmailWatcher - INFO - ✓ Found 10 unread email(s)
2026-03-19 21:25:32,590 - GmailWatcher - INFO - Waiting 60 seconds until next check...
2026-03-19 21:26:32,583 - GmailWatcher - INFO - 
[Check #176] Fetching unread emails...
2026-03-19 21:26:32,993 - GmailWatcher - INFO - ✓ Found 10 unread email(s)
2026-03-19 21:26:32,993 - GmailWatcher - INFO - Waiting 60 seconds until next check...
2026-03-19 21:27:32,987 - GmailWatcher - INFO - 
[Check #177] Fetching unread emails...
2026-03-19 21:27:33,385 - GmailWatcher - INFO - ✓ Found 10 unread email(s)
2026-03-19 21:27:33,386 - GmailWatcher - INFO - Waiting 60 seconds until next check...
2026-03-19 21:28:33,380 - GmailWatcher - INFO - 
[Check #178] Fetching unread emails...
2026-03-19 21:28:33,901 - GmailWatcher - INFO - ✓ Found 10 unread email(s)
2026-03-19 21:28:33,902 - GmailWatcher - INFO - Waiting 60 seconds until next check...
2026-03-19 21:29:33,896 - GmailWatcher - INFO - 
[Check #179] Fetching unread emails...
2026-03-19 21:29:34,257 - GmailWatcher - INFO - ✓ Found 10 unread email(s)
2026-03-19 21:29:34,258 - GmailWatcher - INFO - Waiting 60 seconds until next check...
2026-03-19 21:30:34,253 - GmailWatcher - INFO - 
[Check #180] Fetching unread emails...
2026-03-19 21:30:34,591 - GmailWatcher - INFO - ✓ Found 10 unread email(s)
2026-03-19 21:30:34,592 - GmailWatcher - INFO - Waiting 60 seconds until next check...
2026-03-19 21:31:34,587 - GmailWatcher - INFO - 
[Check #181] Fetching unread emails...
2026-03-19 21:31:35,038 - GmailWatcher - INFO - ✓ Found 10 unread email(s)
2026-03-19 21:31:35,039 - GmailWatcher - INFO - Waiting 60 seconds until next check...
2026-03-19 21:32:35,033 - GmailWatcher - INFO - 
[Check #182] Fetching unread emails...
2026-03-19 21:32:35,390 - GmailWatcher - INFO - ✓ Found 10 unread email(s)
2026-03-19 21:32:35,391 - GmailWatcher - INFO - Waiting 60 seconds until next check...
2026-03-19 21:33:35,385 - GmailWatcher - INFO - 
[Check #183] Fetching unread emails...
2026-03-19 21:33:35,770 - GmailWatcher - INFO - ✓ Found 10 unread email(s)
2026-03-19 21:33:35,771 - GmailWatcher - INFO - Waiting 60 seconds until next check...
2026-03-19 21:34:35,766 - GmailWatcher - INFO - 
[Check #184] Fetching unread emails...
2026-03-19 21:34:36,630 - GmailWatcher - INFO - ✓ Found 10 unread email(s)
2026-03-19 21:34:36,631 - GmailWatcher - INFO - Waiting 60 seconds until next check...
2026-03-19 21:35:36,625 - GmailWatcher - INFO - 
[Check #185] Fetching unread emails...
2026-03-19 21:35:37,035 - GmailWatcher - INFO - ✓ Found 10 unread email(s)
2026-03-19 21:35:37,035 - GmailWatcher - INFO - Waiting 60 seconds until next check...
2026-03-19 21:36:37,031 - GmailWatcher - INFO - 
[Check #186] Fetching unread emails...
2026-03-19 21:36:37,397 - GmailWatcher - INFO - ✓ Found 10 unread email(s)
2026-03-19 21:36:37,398 - GmailWatcher - INFO - Waiting 60 seconds until next check...
2026-03-19 21:37:37,392 - GmailWatcher - INFO - 
[Check #187] Fetching unread emails...
2026-03-19 21:37:37,747 - GmailWatcher - INFO - ✓ Found 10 unread email(s)
2026-03-19 21:37:37,748 - GmailWatcher - INFO - Waiting 60 seconds until next check...
2026-03-19 21:38:37,742 - GmailWatcher - INFO - 
[Check #188] Fetching unread emails...
2026-03-19 21:38:38,117 - GmailWatcher - INFO - ✓ Found 10 unread email(s)
2026-03-19 21:38:38,117 - GmailWatcher - INFO - Waiting 60 seconds until next check...
2026-03-19 21:39:38,112 - GmailWatcher - INFO - 
[Check #189] Fetching unread emails...
2026-03-19 21:39:38,529 - GmailWatcher - INFO - ✓ Found 10 unread email(s)
2026-03-19 21:39:38,530 - GmailWatcher - INFO - Waiting 60 seconds until next check...
2026-03-19 21:40:38,512 - GmailWatcher - INFO - 
[Check #190] Fetching unread emails...
2026-03-19 21:40:38,909 - GmailWatcher - INFO - ✓ Found 10 unread email(s)
2026-03-19 21:40:38,910 - GmailWatcher - INFO - Waiting 60 seconds until next check...
2026-03-19 21:41:38,918 - GmailWatcher - INFO - 
[Check #191] Fetching unread emails...
2026-03-19 21:41:39,290 - GmailWatcher - INFO - ✓ Found 10 unread email(s)
2026-03-19 21:41:39,290 - GmailWatcher - INFO - Waiting 60 seconds until next check...
2026-03-19 21:42:39,285 - GmailWatcher - INFO - 
[Check #192] Fetching unread emails...
2026-03-19 21:42:39,952 - GmailWatcher - INFO - ✓ Found 10 unread email(s)
2026-03-19 21:42:39,953 - GmailWatcher - INFO - Waiting 60 seconds until next check...
2026-03-19 21:43:39,947 - GmailWatcher - INFO - 
[Check #193] Fetching unread emails...
2026-03-19 21:43:40,287 - GmailWatcher - INFO - ✓ Found 10 unread email(s)
2026-03-19 21:43:40,288 - GmailWatcher - INFO - Waiting 60 seconds until next check...
2026-03-19 21:44:40,281 - GmailWatcher - INFO - 
[Check #194] Fetching unread emails...
2026-03-19 21:44:40,700 - GmailWatcher - INFO - ✓ Found 10 unread email(s)
2026-03-19 21:44:40,701 - GmailWatcher - INFO - Waiting 60 seconds until next check...
2026-03-19 21:45:40,698 - GmailWatcher - INFO - 
[Check #195] Fetching unread emails...
2026-03-19 21:45:41,054 - GmailWatcher - INFO - ✓ Found 10 unread email(s)
2026-03-19 21:45:41,054 - GmailWatcher - INFO - Waiting 60 seconds until next check...
2026-03-19 21:46:41,049 - GmailWatcher - INFO - 
[Check #196] Fetching unread emails...
2026-03-19 21:46:41,410 - GmailWatcher - INFO - ✓ Found 10 unread email(s)
2026-03-19 21:46:41,411 - GmailWatcher - INFO - Waiting 60 seconds until next check...
2026-03-19 21:47:41,406 - GmailWatcher - INFO - 
[Check #197] Fetching unread emails...
2026-03-19 21:47:41,767 - GmailWatcher - INFO - ✓ Found 10 unread email(s)
2026-03-19 21:47:41,768 - GmailWatcher - INFO - Waiting 60 seconds until next check...
2026-03-19 21:48:41,763 - GmailWatcher - INFO - 
[Check #198] Fetching unread emails...
2026-03-19 21:48:42,131 - GmailWatcher - INFO - ✓ Found 10 unread email(s)
2026-03-19 21:48:42,132 - GmailWatcher - INFO - Waiting 60 seconds until next check...
2026-03-19 21:49:42,127 - GmailWatcher - INFO - 
[Check #199] Fetching unread emails...
2026-03-19 21:49:42,474 - GmailWatcher - INFO - ✓ Found 10 unread email(s)
2026-03-19 21:49:42,475 - GmailWatcher - INFO - Waiting 60 seconds until next check...
2026-03-19 21:50:42,470 - GmailWatcher - INFO - 
[Check #200] Fetching unread emails...
2026-03-19 21:50:42,973 - GmailWatcher - INFO - ✓ Found 10 unread email(s)
2026-03-19 21:50:42,979 - GmailWatcher - INFO - Waiting 60 seconds until next check...
2026-03-19 21:51:42,976 - GmailWatcher - INFO - 
[Check #201] Fetching unread emails...
2026-03-19 21:51:43,348 - GmailWatcher - INFO - ✓ Found 10 unread email(s)
2026-03-19 21:51:43,349 - GmailWatcher - INFO - Waiting 60 seconds until next check...
2026-03-19 21:52:43,345 - GmailWatcher - INFO - 
[Check #202] Fetching unread emails...
2026-03-19 21:52:43,707 - GmailWatcher - INFO - ✓ Found 10 unread email(s)
2026-03-19 21:52:43,708 - GmailWatcher - INFO - Waiting 60 seconds until next check...
2026-03-19 21:53:43,704 - GmailWatcher - INFO - 
[Check #203] Fetching unread emails...
2026-03-19 21:53:44,689 - GmailWatcher - INFO - ✓ Found 10 unread email(s)
2026-03-19 21:53:44,691 - GmailWatcher - INFO - Waiting 60 seconds until next check...
2026-03-19 21:54:44,686 - GmailWatcher - INFO - 
[Check #204] Fetching unread emails...
2026-03-19 21:54:45,111 - GmailWatcher - INFO - ✓ Found 10 unread email(s)
2026-03-19 21:54:45,112 - GmailWatcher - INFO - Waiting 60 seconds until next check...
2026-03-19 21:55:45,109 - GmailWatcher - INFO - 
[Check #205] Fetching unread emails...
2026-03-19 21:55:45,443 - GmailWatcher - INFO - ✓ Found 10 unread email(s)
2026-03-19 21:55:45,444 - GmailWatcher - INFO - Waiting 60 seconds until next check...
2026-03-19 21:56:45,439 - GmailWatcher - INFO - 
[Check #206] Fetching unread emails...
2026-03-19 21:56:45,789 - GmailWatcher - INFO - ✓ Found 10 unread email(s)
2026-03-19 21:56:45,789 - GmailWatcher - INFO - Waiting 60 seconds until next check...
2026-03-19 21:57:45,785 - GmailWatcher - INFO - 
[Check #207] Fetching unread emails...
2026-03-19 21:57:46,115 - GmailWatcher - INFO - ✓ Found 10 unread email(s)
2026-03-19 21:57:46,115 - GmailWatcher - INFO - Waiting 60 seconds until next check...
2026-03-19 21:58:46,112 - GmailWatcher - INFO - 
[Check #208] Fetching unread emails...
2026-03-19 21:58:46,431 - GmailWatcher - INFO - ✓ Found 10 unread email(s)
2026-03-19 21:58:46,431 - GmailWatcher - INFO - Waiting 60 seconds until next check...
2026-03-19 21:59:46,427 - GmailWatcher - INFO - 
[Check #209] Fetching unread emails...
2026-03-19 21:59:46,770 - GmailWatcher - INFO - ✓ Found 10 unread email(s)
2026-03-19 21:59:46,771 - GmailWatcher - INFO - Waiting 60 seconds until next check...
2026-03-19 22:00:46,767 - GmailWatcher - INFO - 
[Check #210] Fetching unread emails...
2026-03-19 22:00:47,114 - GmailWatcher - INFO - ✓ Found 10 unread email(s)
2026-03-19 22:00:47,115 - GmailWatcher - INFO - Waiting 60 seconds until next check...
2026-03-19 22:01:47,111 - GmailWatcher - INFO - 
[Check #211] Fetching unread emails...
2026-03-19 22:01:47,506 - GmailWatcher - INFO - ✓ Found 10 unread email(s)
2026-03-19 22:01:47,508 - GmailWatcher - INFO - Waiting 60 seconds until next check...
2026-03-19 22:02:47,504 - GmailWatcher - INFO - 
[Check #212] Fetching unread emails...
2026-03-19 22:02:47,859 - GmailWatcher - INFO - ✓ Found 10 unread email(s)
2026-03-19 22:02:47,859 - GmailWatcher - INFO - Waiting 60 seconds until next check...
2026-03-19 22:03:47,856 - GmailWatcher - INFO - 
[Check #213] Fetching unread emails...
2026-03-19 22:03:48,363 - GmailWatcher - INFO - ✓ Found 10 unread email(s)
2026-03-19 22:03:48,364 - GmailWatcher - INFO - Waiting 60 seconds until next check...
2026-03-19 22:04:48,360 - GmailWatcher - INFO - 
[Check #214] Fetching unread emails...
2026-03-19 22:04:49,105 - GmailWatcher - INFO - ✓ Found 10 unread email(s)
2026-03-19 22:04:49,106 - GmailWatcher - INFO - Waiting 60 seconds until next check...
2026-03-19 22:05:49,102 - GmailWatcher - INFO - 
[Check #215] Fetching unread emails...
2026-03-19 22:05:49,510 - GmailWatcher - INFO - ✓ Found 10 unread email(s)
2026-03-19 22:05:49,511 - GmailWatcher - INFO - Waiting 60 seconds until next check...
2026-03-19 22:06:49,507 - GmailWatcher - INFO - 
[Check #216] Fetching unread emails...
2026-03-19 22:06:49,920 - GmailWatcher - INFO - ✓ Found 10 unread email(s)
2026-03-19 22:06:49,921 - GmailWatcher - INFO - Waiting 60 seconds until next check...
2026-03-19 22:07:49,917 - GmailWatcher - INFO - 
[Check #217] Fetching unread emails...
2026-03-19 22:07:50,284 - GmailWatcher - INFO - ✓ Found 10 unread email(s)
2026-03-19 22:07:50,284 - GmailWatcher - INFO - Waiting 60 seconds until next check...
2026-03-19 22:08:50,281 - GmailWatcher - INFO - 
[Check #218] Fetching unread emails...
2026-03-19 22:08:50,614 - GmailWatcher - INFO - ✓ Found 10 unread email(s)
2026-03-19 22:08:50,615 - GmailWatcher - INFO - Waiting 60 seconds until next check...
2026-03-19 22:09:50,611 - GmailWatcher - INFO - 
[Check #219] Fetching unread emails...
2026-03-19 22:09:50,996 - GmailWatcher - INFO - ✓ Found 10 unread email(s)
2026-03-19 22:09:50,997 - GmailWatcher - INFO - Waiting 60 seconds until next check...
2026-03-19 22:10:50,992 - GmailWatcher - INFO - 
[Check #220] Fetching unread emails...
2026-03-19 22:10:51,350 - GmailWatcher - INFO - ✓ Found 10 unread email(s)
2026-03-19 22:10:51,351 - GmailWatcher - INFO - Waiting 60 seconds until next check...
2026-03-19 22:11:51,348 - GmailWatcher - INFO - 
[Check #221] Fetching unread emails...
2026-03-19 22:11:51,700 - GmailWatcher - INFO - ✓ Found 10 unread email(s)
2026-03-19 22:11:51,701 - GmailWatcher - INFO - Waiting 60 seconds until next check...
2026-03-19 22:12:51,697 - GmailWatcher - INFO - 
[Check #222] Fetching unread emails...
2026-03-19 22:12:52,037 - GmailWatcher - INFO - ✓ Found 10 unread email(s)
2026-03-19 22:12:52,038 - GmailWatcher - INFO - Waiting 60 seconds until next check...
2026-03-19 22:13:52,034 - GmailWatcher - INFO - 
[Check #223] Fetching unread emails...
2026-03-19 22:13:52,384 - GmailWatcher - INFO - ✓ Found 10 unread email(s)
2026-03-19 22:13:52,385 - GmailWatcher - INFO - Waiting 60 seconds until next check...
2026-03-19 22:14:52,381 - GmailWatcher - INFO - 
[Check #224] Fetching unread emails...
2026-03-19 22:14:52,734 - GmailWatcher - INFO - ✓ Found 10 unread email(s)
2026-03-19 22:14:52,735 - GmailWatcher - INFO - Waiting 60 seconds until next check...
2026-03-19 22:15:52,732 - GmailWatcher - INFO - 
[Check #225] Fetching unread emails...
2026-03-19 22:15:53,791 - GmailWatcher - INFO - ✓ Found 10 unread email(s)
2026-03-19 22:15:53,792 - GmailWatcher - INFO - Waiting 60 seconds until next check...
2026-03-19 22:16:53,788 - GmailWatcher - INFO - 
[Check #226] Fetching unread emails...
2026-03-19 22:16:54,128 - GmailWatcher - INFO - ✓ Found 10 unread email(s)
2026-03-19 22:16:54,128 - GmailWatcher - INFO - Waiting 60 seconds until next check...
2026-03-19 22:17:54,125 - GmailWatcher - INFO - 
[Check #227] Fetching unread emails...
2026-03-19 22:17:54,498 - GmailWatcher - INFO - ✓ Found 10 unread email(s)
2026-03-19 22:17:54,499 - GmailWatcher - INFO - Waiting 60 seconds until next check...
2026-03-19 22:18:55,520 - GmailWatcher - INFO - 
[Check #228] Fetching unread emails...
2026-03-19 22:18:55,912 - GmailWatcher - INFO - ✓ Found 10 unread email(s)
2026-03-19 22:18:55,913 - GmailWatcher - INFO - Waiting 60 seconds until next check...
2026-03-19 22:19:55,910 - GmailWatcher - INFO - 
[Check #229] Fetching unread emails...
2026-03-19 22:19:56,250 - GmailWatcher - INFO - ✓ Found 10 unread email(s)
2026-03-19 22:19:56,251 - GmailWatcher - INFO - Waiting 60 seconds until next check...
2026-03-19 22:20:56,248 - GmailWatcher - INFO - 
[Check #230] Fetching unread emails...
2026-03-19 22:20:56,614 - GmailWatcher - INFO - ✓ Found 10 unread email(s)
2026-03-19 22:20:56,614 - GmailWatcher - INFO - Waiting 60 seconds until next check...
2026-03-19 22:21:56,611 - GmailWatcher - INFO - 
[Check #231] Fetching unread emails...
2026-03-19 22:21:57,005 - GmailWatcher - INFO - ✓ Found 10 unread email(s)
2026-03-19 22:21:57,005 - GmailWatcher - INFO - Waiting 60 seconds until next check...
2026-03-19 22:22:57,001 - GmailWatcher - INFO - 
[Check #232] Fetching unread emails...
2026-03-19 22:22:57,376 - GmailWatcher - INFO - ✓ Found 10 unread email(s)
2026-03-19 22:22:57,377 - GmailWatcher - INFO - Waiting 60 seconds until next check...
2026-03-19 22:23:57,374 - GmailWatcher - INFO - 
[Check #233] Fetching unread emails...
2026-03-19 22:23:57,721 - GmailWatcher - INFO - ✓ Found 10 unread email(s)
2026-03-19 22:23:57,722 - GmailWatcher - INFO - Waiting 60 seconds until next check...
2026-03-19 22:24:57,718 - GmailWatcher - INFO - 
[Check #234] Fetching unread emails...
2026-03-19 22:24:58,079 - GmailWatcher - INFO - ✓ Found 10 unread email(s)
2026-03-19 22:24:58,080 - GmailWatcher - INFO - Waiting 60 seconds until next check...
2026-03-19 22:25:58,077 - GmailWatcher - INFO - 
[Check #235] Fetching unread emails...
2026-03-19 22:25:58,433 - GmailWatcher - INFO - ✓ Found 10 unread email(s)
2026-03-19 22:25:58,434 - GmailWatcher - INFO - Waiting 60 seconds until next check...
2026-03-19 22:26:58,430 - GmailWatcher - INFO - 
[Check #236] Fetching unread emails...
2026-03-19 22:26:59,057 - GmailWatcher - INFO - ✓ Found 10 unread email(s)
2026-03-19 22:26:59,058 - GmailWatcher - INFO - Waiting 60 seconds until next check...
2026-03-19 22:27:59,054 - GmailWatcher - INFO - 
[Check #237] Fetching unread emails...
2026-03-19 22:27:59,398 - GmailWatcher - INFO - ✓ Found 10 unread email(s)
2026-03-19 22:27:59,399 - GmailWatcher - INFO - Waiting 60 seconds until next check...
