2026-03-17 05:41:12,000 - LinkedInWatcher - INFO - Loaded config from linkedin-config.json
2026-03-17 05:41:12,002 - LinkedInWatcher - INFO - Vault path: C:\Users\Laptop collection\Documents\GitHub\My-AI-Employee -FTEs\Vault
2026-03-17 05:41:12,002 - LinkedInWatcher - INFO - Output to: C:\Users\Laptop collection\Documents\GitHub\My-AI-Employee -FTEs\Vault\Needs_Action
2026-03-17 05:41:12,002 - LinkedInWatcher - INFO - ============================================================
2026-03-17 05:41:12,002 - LinkedInWatcher - INFO - LinkedIn Watcher - Silver Tier
2026-03-17 05:41:12,003 - LinkedInWatcher - INFO - ============================================================
2026-03-17 05:41:16,632 - LinkedInWatcher - ERROR - LinkedIn credentials not found!
2026-03-17 05:41:16,632 - LinkedInWatcher - ERROR - Set LINKEDIN_EMAIL and LINKEDIN_PASSWORD environment variables
2026-03-17 06:14:46,441 - LinkedInWatcher - INFO - Loaded config from linkedin-config.json
2026-03-17 06:14:46,442 - LinkedInWatcher - INFO - Vault path: C:\Users\Laptop collection\Documents\GitHub\My-AI-Employee -FTEs\Vault
2026-03-17 06:14:46,443 - LinkedInWatcher - INFO - Output to: C:\Users\Laptop collection\Documents\GitHub\My-AI-Employee -FTEs\Vault\Needs_Action
2026-03-17 06:14:46,443 - LinkedInWatcher - INFO - ============================================================
2026-03-17 06:14:46,443 - LinkedInWatcher - INFO - LinkedIn Watcher - Silver Tier
2026-03-17 06:14:46,443 - LinkedInWatcher - INFO - ============================================================
2026-03-17 06:14:46,444 - LinkedInWatcher - INFO - Using authentication from: auth.json
2026-03-17 06:14:46,444 - LinkedInWatcher - INFO - Monitoring LinkedIn every 300 seconds
2026-03-17 06:14:46,444 - LinkedInWatcher - INFO - Note: LinkedIn watcher is ready but requires Playwright Python library fix
2026-03-17 06:14:46,444 - LinkedInWatcher - INFO - Your Gmail watcher is working perfectly for email monitoring
2026-03-17 06:14:46,444 - LinkedInWatcher - INFO - ============================================================
2026-03-17 06:14:46,445 - LinkedInWatcher - INFO - Created action file: LINKEDIN_STATUS_LinkedIn Watcher Ready_2026-03-17_06-14-46.md
2026-03-17 06:14:46,446 - LinkedInWatcher - INFO - 
Status: LinkedIn watcher configured with auth.json
2026-03-17 06:14:46,446 - LinkedInWatcher - INFO - Gmail watcher is your primary monitoring tool
2026-03-17 06:17:13,257 - LinkedInWatcher - INFO - Loaded config from linkedin-config.json
2026-03-17 06:17:13,258 - LinkedInWatcher - INFO - Vault path: C:\Users\Laptop collection\Documents\GitHub\My-AI-Employee -FTEs\Vault
2026-03-17 06:17:13,258 - LinkedInWatcher - INFO - Output to: C:\Users\Laptop collection\Documents\GitHub\My-AI-Employee -FTEs\Vault\Needs_Action
2026-03-17 06:17:13,258 - LinkedInWatcher - INFO - ============================================================
2026-03-17 06:17:13,258 - LinkedInWatcher - INFO - LinkedIn Watcher - Silver Tier
2026-03-17 06:17:13,258 - LinkedInWatcher - INFO - ============================================================
2026-03-17 06:17:13,259 - LinkedInWatcher - INFO - Using authentication from: auth.json
2026-03-17 06:17:13,259 - LinkedInWatcher - INFO - Monitoring LinkedIn every 300 seconds
2026-03-17 06:17:13,259 - LinkedInWatcher - INFO - Press Ctrl+C to stop
2026-03-17 06:17:13,259 - LinkedInWatcher - INFO - ============================================================
2026-03-17 06:17:13,259 - LinkedInWatcher - INFO - 
[Check #1] Checking LinkedIn...
2026-03-17 06:17:28,060 - LinkedInWatcher - INFO - Found 0 new message(s)
2026-03-17 06:17:28,061 - LinkedInWatcher - INFO - Found 0 new notification(s)
2026-03-17 06:17:28,061 - LinkedInWatcher - INFO - Single check complete, exiting...
2026-03-17 06:20:01,319 - LinkedInWatcher - INFO - Loaded config from linkedin-config.json
2026-03-17 06:20:01,321 - LinkedInWatcher - INFO - Vault path: C:\Users\Laptop collection\Documents\GitHub\My-AI-Employee -FTEs\Vault
2026-03-17 06:20:01,321 - LinkedInWatcher - INFO - Output to: C:\Users\Laptop collection\Documents\GitHub\My-AI-Employee -FTEs\Vault\Needs_Action
2026-03-17 06:20:01,322 - LinkedInWatcher - INFO - ============================================================
2026-03-17 06:20:01,322 - LinkedInWatcher - INFO - LinkedIn Watcher - Silver Tier
2026-03-17 06:20:01,322 - LinkedInWatcher - INFO - ============================================================
2026-03-17 06:20:01,323 - LinkedInWatcher - INFO - Using authentication from: auth.json
2026-03-17 06:20:01,323 - LinkedInWatcher - INFO - Monitoring LinkedIn every 300 seconds
2026-03-17 06:20:01,323 - LinkedInWatcher - INFO - Press Ctrl+C to stop
2026-03-17 06:20:01,323 - LinkedInWatcher - INFO - ============================================================
2026-03-17 06:20:01,323 - LinkedInWatcher - INFO - 
[Check #1] Checking LinkedIn...
2026-03-17 06:20:16,712 - LinkedInWatcher - INFO - Found 0 new message(s)
2026-03-17 06:20:16,712 - LinkedInWatcher - INFO - Found 0 new notification(s)
2026-03-17 06:20:16,713 - LinkedInWatcher - INFO - Waiting 300 seconds until next check...
2026-03-17 06:25:16,713 - LinkedInWatcher - INFO - 
[Check #2] Checking LinkedIn...
2026-03-17 06:25:37,411 - LinkedInWatcher - INFO - Found 0 new message(s)
2026-03-17 06:25:37,412 - LinkedInWatcher - INFO - Found 0 new notification(s)
2026-03-17 06:25:37,412 - LinkedInWatcher - INFO - Waiting 300 seconds until next check...
2026-03-17 06:30:37,413 - LinkedInWatcher - INFO - 
[Check #3] Checking LinkedIn...
2026-03-17 06:31:09,254 - LinkedInWatcher - ERROR - LinkedIn checker failed: Error: page.goto: Timeout 30000ms exceeded.
Call log:
[2m  - navigating to "https://www.linkedin.com/messaging/", waiting until "networkidle"[22m


2026-03-17 06:31:09,254 - LinkedInWatcher - INFO - Waiting 300 seconds until next check...
2026-03-17 06:36:09,255 - LinkedInWatcher - INFO - 
[Check #4] Checking LinkedIn...
2026-03-17 06:36:30,513 - LinkedInWatcher - INFO - Found 0 new message(s)
2026-03-17 06:36:30,513 - LinkedInWatcher - INFO - Found 0 new notification(s)
2026-03-17 06:36:30,513 - LinkedInWatcher - INFO - Waiting 300 seconds until next check...
2026-03-17 06:41:30,514 - LinkedInWatcher - INFO - 
[Check #5] Checking LinkedIn...
2026-03-17 06:41:49,417 - LinkedInWatcher - INFO - Found 0 new message(s)
2026-03-17 06:41:49,417 - LinkedInWatcher - INFO - Found 0 new notification(s)
2026-03-17 06:41:49,417 - LinkedInWatcher - INFO - Waiting 300 seconds until next check...
2026-03-17 06:46:49,418 - LinkedInWatcher - INFO - 
[Check #6] Checking LinkedIn...
2026-03-17 06:47:10,244 - LinkedInWatcher - INFO - Found 0 new message(s)
2026-03-17 06:47:10,245 - LinkedInWatcher - INFO - Found 0 new notification(s)
2026-03-17 06:47:10,245 - LinkedInWatcher - INFO - Waiting 300 seconds until next check...
2026-03-17 06:52:10,245 - LinkedInWatcher - INFO - 
[Check #7] Checking LinkedIn...
2026-03-17 06:52:28,646 - LinkedInWatcher - INFO - Found 0 new message(s)
2026-03-17 06:52:28,646 - LinkedInWatcher - INFO - Found 0 new notification(s)
2026-03-17 06:52:28,646 - LinkedInWatcher - INFO - Waiting 300 seconds until next check...
2026-03-17 06:57:28,648 - LinkedInWatcher - INFO - 
[Check #8] Checking LinkedIn...
2026-03-17 06:57:46,921 - LinkedInWatcher - INFO - Found 0 new message(s)
2026-03-17 06:57:46,921 - LinkedInWatcher - INFO - Found 0 new notification(s)
2026-03-17 06:57:46,921 - LinkedInWatcher - INFO - Waiting 300 seconds until next check...
2026-03-17 07:02:46,922 - LinkedInWatcher - INFO - 
[Check #9] Checking LinkedIn...
2026-03-17 07:03:04,036 - LinkedInWatcher - INFO - Found 0 new message(s)
2026-03-17 07:03:04,036 - LinkedInWatcher - INFO - Found 0 new notification(s)
2026-03-17 07:03:04,036 - LinkedInWatcher - INFO - Waiting 300 seconds until next check...
2026-03-17 07:08:04,069 - LinkedInWatcher - INFO - 
[Check #10] Checking LinkedIn...
2026-03-17 07:08:19,029 - LinkedInWatcher - INFO - Found 0 new message(s)
2026-03-17 07:08:19,030 - LinkedInWatcher - INFO - Found 0 new notification(s)
2026-03-17 07:08:19,030 - LinkedInWatcher - INFO - Waiting 300 seconds until next check...
2026-03-17 07:13:19,035 - LinkedInWatcher - INFO - 
[Check #11] Checking LinkedIn...
2026-03-17 07:13:33,620 - LinkedInWatcher - INFO - Found 0 new message(s)
2026-03-17 07:13:33,620 - LinkedInWatcher - INFO - Found 0 new notification(s)
2026-03-17 07:13:33,620 - LinkedInWatcher - INFO - Waiting 300 seconds until next check...
2026-03-17 07:18:33,621 - LinkedInWatcher - INFO - 
[Check #12] Checking LinkedIn...
2026-03-17 07:18:48,460 - LinkedInWatcher - INFO - Found 0 new message(s)
2026-03-17 07:18:48,460 - LinkedInWatcher - INFO - Found 0 new notification(s)
2026-03-17 07:18:48,460 - LinkedInWatcher - INFO - Waiting 300 seconds until next check...
2026-03-17 07:23:48,461 - LinkedInWatcher - INFO - 
[Check #13] Checking LinkedIn...
2026-03-17 07:24:08,504 - LinkedInWatcher - INFO - Found 0 new message(s)
2026-03-17 07:24:08,504 - LinkedInWatcher - INFO - Found 0 new notification(s)
2026-03-17 07:24:08,504 - LinkedInWatcher - INFO - Waiting 300 seconds until next check...
2026-03-17 07:29:08,505 - LinkedInWatcher - INFO - 
[Check #14] Checking LinkedIn...
2026-03-17 07:29:22,435 - LinkedInWatcher - INFO - Found 0 new message(s)
2026-03-17 07:29:22,435 - LinkedInWatcher - INFO - Found 0 new notification(s)
2026-03-17 07:29:22,435 - LinkedInWatcher - INFO - Waiting 300 seconds until next check...
2026-03-17 07:34:22,436 - LinkedInWatcher - INFO - 
[Check #15] Checking LinkedIn...
2026-03-17 07:34:36,616 - LinkedInWatcher - INFO - Found 0 new message(s)
2026-03-17 07:34:36,617 - LinkedInWatcher - INFO - Found 0 new notification(s)
2026-03-17 07:34:36,617 - LinkedInWatcher - INFO - Waiting 300 seconds until next check...
2026-03-17 07:39:36,618 - LinkedInWatcher - INFO - 
[Check #16] Checking LinkedIn...
2026-03-17 07:39:50,626 - LinkedInWatcher - INFO - Found 0 new message(s)
2026-03-17 07:39:50,626 - LinkedInWatcher - INFO - Found 0 new notification(s)
2026-03-17 07:39:50,626 - LinkedInWatcher - INFO - Waiting 300 seconds until next check...
2026-03-17 07:44:50,627 - LinkedInWatcher - INFO - 
[Check #17] Checking LinkedIn...
2026-03-17 07:45:06,886 - LinkedInWatcher - INFO - Found 0 new message(s)
2026-03-17 07:45:06,886 - LinkedInWatcher - INFO - Found 0 new notification(s)
2026-03-17 07:45:06,886 - LinkedInWatcher - INFO - Waiting 300 seconds until next check...
2026-03-17 07:50:06,887 - LinkedInWatcher - INFO - 
[Check #18] Checking LinkedIn...
2026-03-17 07:50:20,155 - LinkedInWatcher - INFO - Found 0 new message(s)
2026-03-17 07:50:20,155 - LinkedInWatcher - INFO - Found 0 new notification(s)
2026-03-17 07:50:20,155 - LinkedInWatcher - INFO - Waiting 300 seconds until next check...
2026-03-17 07:55:20,163 - LinkedInWatcher - INFO - 
[Check #19] Checking LinkedIn...
2026-03-17 07:55:35,214 - LinkedInWatcher - INFO - Found 0 new message(s)
2026-03-17 07:55:35,215 - LinkedInWatcher - INFO - Found 0 new notification(s)
2026-03-17 07:55:35,215 - LinkedInWatcher - INFO - Waiting 300 seconds until next check...
2026-03-17 08:00:35,215 - LinkedInWatcher - INFO - 
[Check #20] Checking LinkedIn...
2026-03-17 08:00:47,658 - LinkedInWatcher - INFO - Found 0 new message(s)
2026-03-17 08:00:47,659 - LinkedInWatcher - INFO - Found 0 new notification(s)
2026-03-17 08:00:47,659 - LinkedInWatcher - INFO - Waiting 300 seconds until next check...
2026-03-17 08:05:47,660 - LinkedInWatcher - INFO - 
[Check #21] Checking LinkedIn...
2026-03-17 08:06:03,289 - LinkedInWatcher - INFO - Found 0 new message(s)
2026-03-17 08:06:03,289 - LinkedInWatcher - INFO - Found 0 new notification(s)
2026-03-17 08:06:03,289 - LinkedInWatcher - INFO - Waiting 300 seconds until next check...
2026-03-17 08:11:03,290 - LinkedInWatcher - INFO - 
[Check #22] Checking LinkedIn...
2026-03-17 08:11:19,388 - LinkedInWatcher - INFO - Found 0 new message(s)
2026-03-17 08:11:19,388 - LinkedInWatcher - INFO - Found 0 new notification(s)
2026-03-17 08:11:19,388 - LinkedInWatcher - INFO - Waiting 300 seconds until next check...
2026-03-17 08:16:19,389 - LinkedInWatcher - INFO - 
[Check #23] Checking LinkedIn...
2026-03-17 08:16:32,322 - LinkedInWatcher - INFO - Found 0 new message(s)
2026-03-17 08:16:32,323 - LinkedInWatcher - INFO - Found 0 new notification(s)
2026-03-17 08:16:32,323 - LinkedInWatcher - INFO - Waiting 300 seconds until next check...
2026-03-17 08:21:32,324 - LinkedInWatcher - INFO - 
[Check #24] Checking LinkedIn...
2026-03-17 08:21:46,998 - LinkedInWatcher - INFO - Found 0 new message(s)
2026-03-17 08:21:46,999 - LinkedInWatcher - INFO - Found 0 new notification(s)
2026-03-17 08:21:46,999 - LinkedInWatcher - INFO - Waiting 300 seconds until next check...
2026-03-17 08:26:47,010 - LinkedInWatcher - INFO - 
[Check #25] Checking LinkedIn...
2026-03-17 08:27:01,817 - LinkedInWatcher - INFO - Found 0 new message(s)
2026-03-17 08:27:01,817 - LinkedInWatcher - INFO - Found 0 new notification(s)
2026-03-17 08:27:01,817 - LinkedInWatcher - INFO - Waiting 300 seconds until next check...
2026-03-17 08:32:01,818 - LinkedInWatcher - INFO - 
[Check #26] Checking LinkedIn...
2026-03-17 08:32:15,637 - LinkedInWatcher - INFO - Found 0 new message(s)
2026-03-17 08:32:15,637 - LinkedInWatcher - INFO - Found 0 new notification(s)
2026-03-17 08:32:15,637 - LinkedInWatcher - INFO - Waiting 300 seconds until next check...
2026-03-17 08:37:15,638 - LinkedInWatcher - INFO - 
[Check #27] Checking LinkedIn...
2026-03-17 08:37:26,955 - LinkedInWatcher - INFO - Found 0 new message(s)
2026-03-17 08:37:26,956 - LinkedInWatcher - INFO - Found 0 new notification(s)
2026-03-17 08:37:26,956 - LinkedInWatcher - INFO - Waiting 300 seconds until next check...
2026-03-17 08:42:26,956 - LinkedInWatcher - INFO - 
[Check #28] Checking LinkedIn...
2026-03-17 08:42:39,594 - LinkedInWatcher - INFO - Found 0 new message(s)
2026-03-17 08:42:39,594 - LinkedInWatcher - INFO - Found 0 new notification(s)
2026-03-17 08:42:39,594 - LinkedInWatcher - INFO - Waiting 300 seconds until next check...
2026-03-17 08:47:39,594 - LinkedInWatcher - INFO - 
[Check #29] Checking LinkedIn...
2026-03-17 08:47:51,728 - LinkedInWatcher - INFO - Found 0 new message(s)
2026-03-17 08:47:51,729 - LinkedInWatcher - INFO - Found 0 new notification(s)
2026-03-17 08:47:51,729 - LinkedInWatcher - INFO - Waiting 300 seconds until next check...
2026-03-17 08:52:51,730 - LinkedInWatcher - INFO - 
[Check #30] Checking LinkedIn...
2026-03-17 08:53:04,007 - LinkedInWatcher - INFO - Found 0 new message(s)
2026-03-17 08:53:04,007 - LinkedInWatcher - INFO - Found 0 new notification(s)
2026-03-17 08:53:04,008 - LinkedInWatcher - INFO - Waiting 300 seconds until next check...
2026-03-17 08:58:04,008 - LinkedInWatcher - INFO - 
[Check #31] Checking LinkedIn...
2026-03-17 08:58:14,689 - LinkedInWatcher - INFO - Found 0 new message(s)
2026-03-17 08:58:14,689 - LinkedInWatcher - INFO - Found 0 new notification(s)
2026-03-17 08:58:14,689 - LinkedInWatcher - INFO - Waiting 300 seconds until next check...
2026-03-17 09:03:14,690 - LinkedInWatcher - INFO - 
[Check #32] Checking LinkedIn...
2026-03-17 09:03:25,835 - LinkedInWatcher - INFO - Found 0 new message(s)
2026-03-17 09:03:25,835 - LinkedInWatcher - INFO - Found 0 new notification(s)
2026-03-17 09:03:25,835 - LinkedInWatcher - INFO - Waiting 300 seconds until next check...
2026-03-17 09:08:25,836 - LinkedInWatcher - INFO - 
[Check #33] Checking LinkedIn...
2026-03-17 09:08:38,470 - LinkedInWatcher - INFO - Found 0 new message(s)
2026-03-17 09:08:38,471 - LinkedInWatcher - INFO - Found 0 new notification(s)
2026-03-17 09:08:38,471 - LinkedInWatcher - INFO - Waiting 300 seconds until next check...
2026-03-17 09:13:38,471 - LinkedInWatcher - INFO - 
[Check #34] Checking LinkedIn...
2026-03-17 09:13:50,768 - LinkedInWatcher - INFO - Found 0 new message(s)
2026-03-17 09:13:50,769 - LinkedInWatcher - INFO - Found 0 new notification(s)
2026-03-17 09:13:50,769 - LinkedInWatcher - INFO - Waiting 300 seconds until next check...
2026-03-17 09:18:50,769 - LinkedInWatcher - INFO - 
[Check #35] Checking LinkedIn...
2026-03-17 09:19:02,642 - LinkedInWatcher - INFO - Found 0 new message(s)
2026-03-17 09:19:02,643 - LinkedInWatcher - INFO - Found 0 new notification(s)
2026-03-17 09:19:02,643 - LinkedInWatcher - INFO - Waiting 300 seconds until next check...
2026-03-17 09:24:02,644 - LinkedInWatcher - INFO - 
[Check #36] Checking LinkedIn...
2026-03-17 09:24:34,305 - LinkedInWatcher - ERROR - LinkedIn checker failed: Error: page.goto: Timeout 30000ms exceeded.
Call log:
[2m  - navigating to "https://www.linkedin.com/messaging/", waiting until "networkidle"[22m


2026-03-17 09:24:34,305 - LinkedInWatcher - INFO - Waiting 300 seconds until next check...
2026-03-17 09:29:34,306 - LinkedInWatcher - INFO - 
[Check #37] Checking LinkedIn...
2026-03-17 09:29:51,711 - LinkedInWatcher - INFO - Found 0 new message(s)
2026-03-17 09:29:51,711 - LinkedInWatcher - INFO - Found 0 new notification(s)
2026-03-17 09:29:51,711 - LinkedInWatcher - INFO - Waiting 300 seconds until next check...
2026-03-17 09:34:51,712 - LinkedInWatcher - INFO - 
[Check #38] Checking LinkedIn...
2026-03-17 09:35:08,631 - LinkedInWatcher - INFO - Found 0 new message(s)
2026-03-17 09:35:08,632 - LinkedInWatcher - INFO - Found 0 new notification(s)
2026-03-17 09:35:08,632 - LinkedInWatcher - INFO - Waiting 300 seconds until next check...
2026-03-17 09:40:08,633 - LinkedInWatcher - INFO - 
[Check #39] Checking LinkedIn...
2026-03-17 09:40:23,121 - LinkedInWatcher - INFO - Found 0 new message(s)
2026-03-17 09:40:23,121 - LinkedInWatcher - INFO - Found 0 new notification(s)
2026-03-17 09:40:23,121 - LinkedInWatcher - INFO - Waiting 300 seconds until next check...
2026-03-17 09:45:23,122 - LinkedInWatcher - INFO - 
[Check #40] Checking LinkedIn...
2026-03-17 09:46:00,949 - LinkedInWatcher - INFO - Found 0 new message(s)
2026-03-17 09:46:00,950 - LinkedInWatcher - INFO - Found 0 new notification(s)
2026-03-17 09:46:00,950 - LinkedInWatcher - INFO - Waiting 300 seconds until next check...
2026-03-17 09:51:00,951 - LinkedInWatcher - INFO - 
[Check #41] Checking LinkedIn...
2026-03-17 09:51:18,796 - LinkedInWatcher - INFO - Found 0 new message(s)
2026-03-17 09:51:18,796 - LinkedInWatcher - INFO - Found 0 new notification(s)
2026-03-17 09:51:18,796 - LinkedInWatcher - INFO - Waiting 300 seconds until next check...
2026-03-17 09:56:18,797 - LinkedInWatcher - INFO - 
[Check #42] Checking LinkedIn...
2026-03-17 09:56:37,018 - LinkedInWatcher - INFO - Found 0 new message(s)
2026-03-17 09:56:37,018 - LinkedInWatcher - INFO - Found 0 new notification(s)
2026-03-17 09:56:37,018 - LinkedInWatcher - INFO - Waiting 300 seconds until next check...
2026-03-17 10:01:37,022 - LinkedInWatcher - INFO - 
[Check #43] Checking LinkedIn...
2026-03-17 10:01:56,448 - LinkedInWatcher - INFO - Found 0 new message(s)
2026-03-17 10:01:56,448 - LinkedInWatcher - INFO - Found 0 new notification(s)
2026-03-17 10:01:56,449 - LinkedInWatcher - INFO - Waiting 300 seconds until next check...
2026-03-17 10:06:56,449 - LinkedInWatcher - INFO - 
[Check #44] Checking LinkedIn...
2026-03-17 10:07:21,617 - LinkedInWatcher - INFO - Found 0 new message(s)
2026-03-17 10:07:21,617 - LinkedInWatcher - INFO - Found 0 new notification(s)
2026-03-17 10:07:21,617 - LinkedInWatcher - INFO - Waiting 300 seconds until next check...
